This is pdfTeX, Version 3.141592653-2.6-1.40.24 (MiKTeX 22.3) (preloaded format=pdflatex 2022.4.15)  29 JUL 2022 12:01
entering extended mode
 restricted \write18 enabled.
 file:line:error style messages enabled.
 %&-line parsing enabled.
**./heatmapTex5_1_3_4.tex
(heatmapTex5_1_3_4.tex
LaTeX2e <2021-11-15> patch level 1
L3 programming layer <2022-02-24>
(C:\Users\Neel\AppData\Local\Programs\MiKTeX\tex/latex/standalone\standalone.cl
s
Document Class: standalone 2018/03/26 v1.3a Class to compile TeX sub-files stan
dalone
(C:\Users\Neel\AppData\Local\Programs\MiKTeX\tex/latex/tools\shellesc.sty
Package: shellesc 2019/11/08 v1.0c unified shell escape interface for LaTeX
Package shellesc Info: Restricted shell escape enabled on input line 77.
)
(C:\Users\Neel\AppData\Local\Programs\MiKTeX\tex/generic/iftex\ifluatex.sty
Package: ifluatex 2019/10/25 v1.5 ifluatex legacy package. Use iftex instead.

(C:\Users\Neel\AppData\Local\Programs\MiKTeX\tex/generic/iftex\iftex.sty
Package: iftex 2022/02/03 v1.0f TeX engine tests
))
(C:\Users\Neel\AppData\Local\Programs\MiKTeX\tex/latex/xkeyval\xkeyval.sty
Package: xkeyval 2020/11/20 v2.8 package option processing (HA)

(C:\Users\Neel\AppData\Local\Programs\MiKTeX\tex/generic/xkeyval\xkeyval.tex
(C:\Users\Neel\AppData\Local\Programs\MiKTeX\tex/generic/xkeyval\xkvutils.tex
\XKV@toks=\toks16
\XKV@tempa@toks=\toks17

(C:\Users\Neel\AppData\Local\Programs\MiKTeX\tex/generic/xkeyval\keyval.tex))
\XKV@depth=\count185
File: xkeyval.tex 2014/12/03 v2.7a key=value parser (HA)
))
\sa@internal=\count186
\c@sapage=\count187

(C:\Users\Neel\AppData\Local\Programs\MiKTeX\tex/latex/standalone\standalone.cf
g
File: standalone.cfg 2018/03/26 v1.3a Default configuration file for 'standalon
e' class
) (C:\Users\Neel\AppData\Local\Programs\MiKTeX\tex/latex/base\article.cls
Document Class: article 2021/10/04 v1.4n Standard LaTeX document class
(C:\Users\Neel\AppData\Local\Programs\MiKTeX\tex/latex/base\size10.clo
File: size10.clo 2021/10/04 v1.4n Standard LaTeX file (size option)
)
\c@part=\count188
\c@section=\count189
\c@subsection=\count190
\c@subsubsection=\count191
\c@paragraph=\count192
\c@subparagraph=\count193
\c@figure=\count194
\c@table=\count195
\abovecaptionskip=\skip47
\belowcaptionskip=\skip48
\bibindent=\dimen138
)
\sa@box=\box50
)
(C:\Users\Neel\AppData\Local\Programs\MiKTeX\tex/latex/graphics\graphicx.sty
Package: graphicx 2021/09/16 v1.2d Enhanced LaTeX Graphics (DPC,SPQR)

(C:\Users\Neel\AppData\Local\Programs\MiKTeX\tex/latex/graphics\graphics.sty
Package: graphics 2021/03/04 v1.4d Standard LaTeX Graphics (DPC,SPQR)

(C:\Users\Neel\AppData\Local\Programs\MiKTeX\tex/latex/graphics\trig.sty
Package: trig 2021/08/11 v1.11 sin cos tan (DPC)
)
(C:\Users\Neel\AppData\Local\Programs\MiKTeX\tex/latex/graphics-cfg\graphics.cf
g
File: graphics.cfg 2016/06/04 v1.11 sample graphics configuration
)
Package graphics Info: Driver file: pdftex.def on input line 107.

(C:\Users\Neel\AppData\Local\Programs\MiKTeX\tex/latex/graphics-def\pdftex.def
File: pdftex.def 2020/10/05 v1.2a Graphics/color driver for pdftex
))
\Gin@req@height=\dimen139
\Gin@req@width=\dimen140
)
(C:\Users\Neel\AppData\Local\Programs\MiKTeX\tex/latex/l3backend\l3backend-pdft
ex.def
File: l3backend-pdftex.def 2022-02-07 L3 backend support: PDF output (pdfTeX)
\l__color_backend_stack_int=\count196
\l__pdf_internal_box=\box51
) (heatmapTex5_1_3_4.aux)
\openout1 = `heatmapTex5_1_3_4.aux'.

LaTeX Font Info:    Checking defaults for OML/cmm/m/it on input line 4.
LaTeX Font Info:    ... okay on input line 4.
LaTeX Font Info:    Checking defaults for OMS/cmsy/m/n on input line 4.
LaTeX Font Info:    ... okay on input line 4.
LaTeX Font Info:    Checking defaults for OT1/cmr/m/n on input line 4.
LaTeX Font Info:    ... okay on input line 4.
LaTeX Font Info:    Checking defaults for T1/cmr/m/n on input line 4.
LaTeX Font Info:    ... okay on input line 4.
LaTeX Font Info:    Checking defaults for TS1/cmr/m/n on input line 4.
LaTeX Font Info:    ... okay on input line 4.
LaTeX Font Info:    Checking defaults for OMX/cmex/m/n on input line 4.
LaTeX Font Info:    ... okay on input line 4.
LaTeX Font Info:    Checking defaults for U/cmr/m/n on input line 4.
LaTeX Font Info:    ... okay on input line 4.

(C:\Users\Neel\AppData\Local\Programs\MiKTeX\tex/context/base/mkii\supp-pdf.mki
i
[Loading MPS to PDF converter (version 2006.09.02).]
\scratchcounter=\count197
\scratchdimen=\dimen141
\scratchbox=\box52
\nofMPsegments=\count198
\nofMParguments=\count199
\everyMPshowfont=\toks18
\MPscratchCnt=\count266
\MPscratchDim=\dimen142
\MPnumerator=\count267
\makeMPintoPDFobject=\count268
\everyMPtoPDFconversion=\toks19
)
(C:\Users\Neel\AppData\Local\Programs\MiKTeX\tex/latex/epstopdf-pkg\epstopdf-ba
se.sty
Package: epstopdf-base 2020-01-24 v2.11 Base part for package epstopdf
Package epstopdf-base Info: Redefining graphics rule for `.eps' on input line 4
85.

(C:\Users\Neel\AppData\Local\Programs\MiKTeX\tex/latex/00miktex\epstopdf-sys.cf
g
File: epstopdf-sys.cfg 2021/03/18 v2.0 Configuration of epstopdf for MiKTeX
))
LaTeX Font Info:    External font `cmex10' loaded for size
(Font)              <7> on input line 7.
LaTeX Font Info:    External font `cmex10' loaded for size
(Font)              <5> on input line 7.
Package epstopdf Info: Source file: <./Heatmaps/Heatmap5_1_3_4_23.eps>
(epstopdf)                    date: 2022-07-29 11:45:03
(epstopdf)                    size: 88778 bytes
(epstopdf)             Output file: <./Heatmaps/Heatmap5_1_3_4_23-eps-converted
-to.pdf>
(epstopdf)                    date: 2022-07-29 11:45:22
(epstopdf)                    size: 19457 bytes
(epstopdf)             Command: <miktex-epstopdf --outfile=./Heatmaps/Heatmap5_
1_3_4_23-eps-converted-to.pdf ./Heatmaps/Heatmap5_1_3_4_23.eps>
(epstopdf)             \includegraphics on input line 8.
Package epstopdf Info: Output file is already uptodate.


pdfTeX warning: pdflatex (file ./Heatmaps/Heatmap5_1_3_4_23-eps-converted-to.pd
f): PDF inclusion: found PDF version <1.7>, but at most version <1.5> allowed
<./Heatmaps/Heatmap5_1_3_4_23-eps-converted-to.pdf, id=1, 463.7325pt x 347.2975
pt>
File: ./Heatmaps/Heatmap5_1_3_4_23-eps-converted-to.pdf Graphic file (type pdf)

<use ./Heatmaps/Heatmap5_1_3_4_23-eps-converted-to.pdf>
Package pdftex.def Info: ./Heatmaps/Heatmap5_1_3_4_23-eps-converted-to.pdf  use
d on input line 8.
(pdftex.def)             Requested size: 62.0917pt x 51.74791pt.
Package epstopdf Info: Source file: <./Heatmaps/Heatmap5_1_3_4_25.eps>
(epstopdf)                    date: 2022-07-29 11:23:04
(epstopdf)                    size: 89624 bytes
(epstopdf)             Output file: <./Heatmaps/Heatmap5_1_3_4_25-eps-converted
-to.pdf>
(epstopdf)                    date: 2022-07-29 11:28:12
(epstopdf)                    size: 19508 bytes
(epstopdf)             Command: <miktex-epstopdf --outfile=./Heatmaps/Heatmap5_
1_3_4_25-eps-converted-to.pdf ./Heatmaps/Heatmap5_1_3_4_25.eps>
(epstopdf)             \includegraphics on input line 8.
Package epstopdf Info: Output file is already uptodate.


pdfTeX warning: pdflatex (file ./Heatmaps/Heatmap5_1_3_4_25-eps-converted-to.pd
f): PDF inclusion: found PDF version <1.7>, but at most version <1.5> allowed
<./Heatmaps/Heatmap5_1_3_4_25-eps-converted-to.pdf, id=2, 463.7325pt x 347.2975
pt>
File: ./Heatmaps/Heatmap5_1_3_4_25-eps-converted-to.pdf Graphic file (type pdf)

<use ./Heatmaps/Heatmap5_1_3_4_25-eps-converted-to.pdf>
Package pdftex.def Info: ./Heatmaps/Heatmap5_1_3_4_25-eps-converted-to.pdf  use
d on input line 8.
(pdftex.def)             Requested size: 62.0917pt x 51.74791pt.
Package epstopdf Info: Source file: <./Heatmaps/Heatmap5_1_3_4_28.eps>
(epstopdf)                    date: 2022-07-29 11:23:06
(epstopdf)                    size: 83572 bytes
(epstopdf)             Output file: <./Heatmaps/Heatmap5_1_3_4_28-eps-converted
-to.pdf>
(epstopdf)                    date: 2022-07-29 11:28:14
(epstopdf)                    size: 18967 bytes
(epstopdf)             Command: <miktex-epstopdf --outfile=./Heatmaps/Heatmap5_
1_3_4_28-eps-converted-to.pdf ./Heatmaps/Heatmap5_1_3_4_28.eps>
(epstopdf)             \includegraphics on input line 8.
Package epstopdf Info: Output file is already uptodate.


pdfTeX warning: pdflatex (file ./Heatmaps/Heatmap5_1_3_4_28-eps-converted-to.pd
f): PDF inclusion: found PDF version <1.7>, but at most version <1.5> allowed
<./Heatmaps/Heatmap5_1_3_4_28-eps-converted-to.pdf, id=3, 463.7325pt x 347.2975
pt>
File: ./Heatmaps/Heatmap5_1_3_4_28-eps-converted-to.pdf Graphic file (type pdf)

<use ./Heatmaps/Heatmap5_1_3_4_28-eps-converted-to.pdf>
Package pdftex.def Info: ./Heatmaps/Heatmap5_1_3_4_28-eps-converted-to.pdf  use
d on input line 8.
(pdftex.def)             Requested size: 62.0917pt x 51.74791pt.
Package epstopdf Info: Source file: <./Heatmaps/Heatmap5_1_3_4_31.eps>
(epstopdf)                    date: 2022-07-29 11:23:07
(epstopdf)                    size: 82713 bytes
(epstopdf)             Output file: <./Heatmaps/Heatmap5_1_3_4_31-eps-converted
-to.pdf>
(epstopdf)                    date: 2022-07-29 11:28:15
(epstopdf)                    size: 18846 bytes
(epstopdf)             Command: <miktex-epstopdf --outfile=./Heatmaps/Heatmap5_
1_3_4_31-eps-converted-to.pdf ./Heatmaps/Heatmap5_1_3_4_31.eps>
(epstopdf)             \includegraphics on input line 8.
Package epstopdf Info: Output file is already uptodate.


pdfTeX warning: pdflatex (file ./Heatmaps/Heatmap5_1_3_4_31-eps-converted-to.pd
f): PDF inclusion: found PDF version <1.7>, but at most version <1.5> allowed
<./Heatmaps/Heatmap5_1_3_4_31-eps-converted-to.pdf, id=4, 463.7325pt x 347.2975
pt>
File: ./Heatmaps/Heatmap5_1_3_4_31-eps-converted-to.pdf Graphic file (type pdf)

<use ./Heatmaps/Heatmap5_1_3_4_31-eps-converted-to.pdf>
Package pdftex.def Info: ./Heatmaps/Heatmap5_1_3_4_31-eps-converted-to.pdf  use
d on input line 8.
(pdftex.def)             Requested size: 62.0917pt x 51.74791pt.
Package epstopdf Info: Source file: <./Heatmaps/Heatmap5_1_3_4_34.eps>
(epstopdf)                    date: 2022-07-29 11:23:09
(epstopdf)                    size: 87679 bytes
(epstopdf)             Output file: <./Heatmaps/Heatmap5_1_3_4_34-eps-converted
-to.pdf>
(epstopdf)                    date: 2022-07-29 11:28:17
(epstopdf)                    size: 19319 bytes
(epstopdf)             Command: <miktex-epstopdf --outfile=./Heatmaps/Heatmap5_
1_3_4_34-eps-converted-to.pdf ./Heatmaps/Heatmap5_1_3_4_34.eps>
(epstopdf)             \includegraphics on input line 8.
Package epstopdf Info: Output file is already uptodate.


pdfTeX warning: pdflatex (file ./Heatmaps/Heatmap5_1_3_4_34-eps-converted-to.pd
f): PDF inclusion: found PDF version <1.7>, but at most version <1.5> allowed
<./Heatmaps/Heatmap5_1_3_4_34-eps-converted-to.pdf, id=5, 463.7325pt x 347.2975
pt>
File: ./Heatmaps/Heatmap5_1_3_4_34-eps-converted-to.pdf Graphic file (type pdf)

<use ./Heatmaps/Heatmap5_1_3_4_34-eps-converted-to.pdf>
Package pdftex.def Info: ./Heatmaps/Heatmap5_1_3_4_34-eps-converted-to.pdf  use
d on input line 8.
(pdftex.def)             Requested size: 62.0917pt x 51.74791pt.
Package epstopdf Info: Source file: <./Heatmaps/Heatmap5_1_3_4_36.eps>
(epstopdf)                    date: 2022-07-29 11:23:10
(epstopdf)                    size: 89919 bytes
(epstopdf)             Output file: <./Heatmaps/Heatmap5_1_3_4_36-eps-converted
-to.pdf>
(epstopdf)                    date: 2022-07-29 11:28:19
(epstopdf)                    size: 19514 bytes
(epstopdf)             Command: <miktex-epstopdf --outfile=./Heatmaps/Heatmap5_
1_3_4_36-eps-converted-to.pdf ./Heatmaps/Heatmap5_1_3_4_36.eps>
(epstopdf)             \includegraphics on input line 8.
Package epstopdf Info: Output file is already uptodate.


pdfTeX warning: pdflatex (file ./Heatmaps/Heatmap5_1_3_4_36-eps-converted-to.pd
f): PDF inclusion: found PDF version <1.7>, but at most version <1.5> allowed
<./Heatmaps/Heatmap5_1_3_4_36-eps-converted-to.pdf, id=6, 463.7325pt x 347.2975
pt>
File: ./Heatmaps/Heatmap5_1_3_4_36-eps-converted-to.pdf Graphic file (type pdf)

<use ./Heatmaps/Heatmap5_1_3_4_36-eps-converted-to.pdf>
Package pdftex.def Info: ./Heatmaps/Heatmap5_1_3_4_36-eps-converted-to.pdf  use
d on input line 8.
(pdftex.def)             Requested size: 62.0917pt x 51.74791pt.
Package epstopdf Info: Source file: <./Heatmaps/Heatmap5_1_3_4_20.eps>
(epstopdf)                    date: 2022-07-29 11:45:01
(epstopdf)                    size: 87705 bytes
(epstopdf)             Output file: <./Heatmaps/Heatmap5_1_3_4_20-eps-converted
-to.pdf>
(epstopdf)                    date: 2022-07-29 11:45:23
(epstopdf)                    size: 19312 bytes
(epstopdf)             Command: <miktex-epstopdf --outfile=./Heatmaps/Heatmap5_
1_3_4_20-eps-converted-to.pdf ./Heatmaps/Heatmap5_1_3_4_20.eps>
(epstopdf)             \includegraphics on input line 9.
Package epstopdf Info: Output file is already uptodate.


pdfTeX warning: pdflatex (file ./Heatmaps/Heatmap5_1_3_4_20-eps-converted-to.pd
f): PDF inclusion: found PDF version <1.7>, but at most version <1.5> allowed
<./Heatmaps/Heatmap5_1_3_4_20-eps-converted-to.pdf, id=7, 463.7325pt x 347.2975
pt>
File: ./Heatmaps/Heatmap5_1_3_4_20-eps-converted-to.pdf Graphic file (type pdf)

<use ./Heatmaps/Heatmap5_1_3_4_20-eps-converted-to.pdf>
Package pdftex.def Info: ./Heatmaps/Heatmap5_1_3_4_20-eps-converted-to.pdf  use
d on input line 9.
(pdftex.def)             Requested size: 62.0917pt x 51.74791pt.
Package epstopdf Info: Source file: <./Heatmaps/Heatmap5_1_3_4_21.eps>
(epstopdf)                    date: 2022-07-29 11:45:01
(epstopdf)                    size: 90320 bytes
(epstopdf)             Output file: <./Heatmaps/Heatmap5_1_3_4_21-eps-converted
-to.pdf>
(epstopdf)                    date: 2022-07-29 11:45:25
(epstopdf)                    size: 19502 bytes
(epstopdf)             Command: <miktex-epstopdf --outfile=./Heatmaps/Heatmap5_
1_3_4_21-eps-converted-to.pdf ./Heatmaps/Heatmap5_1_3_4_21.eps>
(epstopdf)             \includegraphics on input line 9.
Package epstopdf Info: Output file is already uptodate.


pdfTeX warning: pdflatex (file ./Heatmaps/Heatmap5_1_3_4_21-eps-converted-to.pd
f): PDF inclusion: found PDF version <1.7>, but at most version <1.5> allowed
<./Heatmaps/Heatmap5_1_3_4_21-eps-converted-to.pdf, id=8, 463.7325pt x 347.2975
pt>
File: ./Heatmaps/Heatmap5_1_3_4_21-eps-converted-to.pdf Graphic file (type pdf)

<use ./Heatmaps/Heatmap5_1_3_4_21-eps-converted-to.pdf>
Package pdftex.def Info: ./Heatmaps/Heatmap5_1_3_4_21-eps-converted-to.pdf  use
d on input line 9.
(pdftex.def)             Requested size: 62.0917pt x 51.74791pt.
Package epstopdf Info: Source file: <./Heatmaps/Heatmap5_1_3_4_24.eps>
(epstopdf)                    date: 2022-07-29 11:45:03
(epstopdf)                    size: 98348 bytes
(epstopdf)             Output file: <./Heatmaps/Heatmap5_1_3_4_24-eps-converted
-to.pdf>
(epstopdf)                    date: 2022-07-29 11:45:26
(epstopdf)                    size: 19919 bytes
(epstopdf)             Command: <miktex-epstopdf --outfile=./Heatmaps/Heatmap5_
1_3_4_24-eps-converted-to.pdf ./Heatmaps/Heatmap5_1_3_4_24.eps>
(epstopdf)             \includegraphics on input line 9.
Package epstopdf Info: Output file is already uptodate.


pdfTeX warning: pdflatex (file ./Heatmaps/Heatmap5_1_3_4_24-eps-converted-to.pd
f): PDF inclusion: found PDF version <1.7>, but at most version <1.5> allowed
<./Heatmaps/Heatmap5_1_3_4_24-eps-converted-to.pdf, id=9, 463.7325pt x 347.2975
pt>
File: ./Heatmaps/Heatmap5_1_3_4_24-eps-converted-to.pdf Graphic file (type pdf)

<use ./Heatmaps/Heatmap5_1_3_4_24-eps-converted-to.pdf>
Package pdftex.def Info: ./Heatmaps/Heatmap5_1_3_4_24-eps-converted-to.pdf  use
d on input line 9.
(pdftex.def)             Requested size: 62.0917pt x 51.74791pt.
Package epstopdf Info: Source file: <./Heatmaps/Heatmap5_1_3_4_29.eps>
(epstopdf)                    date: 2022-07-29 11:23:06
(epstopdf)                    size: 90359 bytes
(epstopdf)             Output file: <./Heatmaps/Heatmap5_1_3_4_29-eps-converted
-to.pdf>
(epstopdf)                    date: 2022-07-29 11:28:26
(epstopdf)                    size: 19536 bytes
(epstopdf)             Command: <miktex-epstopdf --outfile=./Heatmaps/Heatmap5_
1_3_4_29-eps-converted-to.pdf ./Heatmaps/Heatmap5_1_3_4_29.eps>
(epstopdf)             \includegraphics on input line 9.
Package epstopdf Info: Output file is already uptodate.


pdfTeX warning: pdflatex (file ./Heatmaps/Heatmap5_1_3_4_29-eps-converted-to.pd
f): PDF inclusion: found PDF version <1.7>, but at most version <1.5> allowed
<./Heatmaps/Heatmap5_1_3_4_29-eps-converted-to.pdf, id=10, 463.7325pt x 347.297
5pt>
File: ./Heatmaps/Heatmap5_1_3_4_29-eps-converted-to.pdf Graphic file (type pdf)

<use ./Heatmaps/Heatmap5_1_3_4_29-eps-converted-to.pdf>
Package pdftex.def Info: ./Heatmaps/Heatmap5_1_3_4_29-eps-converted-to.pdf  use
d on input line 9.
(pdftex.def)             Requested size: 62.0917pt x 51.74791pt.
Package epstopdf Info: Source file: <./Heatmaps/Heatmap5_1_3_4_30.eps>
(epstopdf)                    date: 2022-07-29 11:23:07
(epstopdf)                    size: 83861 bytes
(epstopdf)             Output file: <./Heatmaps/Heatmap5_1_3_4_30-eps-converted
-to.pdf>
(epstopdf)                    date: 2022-07-29 11:28:27
(epstopdf)                    size: 19012 bytes
(epstopdf)             Command: <miktex-epstopdf --outfile=./Heatmaps/Heatmap5_
1_3_4_30-eps-converted-to.pdf ./Heatmaps/Heatmap5_1_3_4_30.eps>
(epstopdf)             \includegraphics on input line 9.
Package epstopdf Info: Output file is already uptodate.


pdfTeX warning: pdflatex (file ./Heatmaps/Heatmap5_1_3_4_30-eps-converted-to.pd
f): PDF inclusion: found PDF version <1.7>, but at most version <1.5> allowed
<./Heatmaps/Heatmap5_1_3_4_30-eps-converted-to.pdf, id=11, 463.7325pt x 347.297
5pt>
File: ./Heatmaps/Heatmap5_1_3_4_30-eps-converted-to.pdf Graphic file (type pdf)

<use ./Heatmaps/Heatmap5_1_3_4_30-eps-converted-to.pdf>
Package pdftex.def Info: ./Heatmaps/Heatmap5_1_3_4_30-eps-converted-to.pdf  use
d on input line 9.
(pdftex.def)             Requested size: 62.0917pt x 51.74791pt.
Package epstopdf Info: Source file: <./Heatmaps/Heatmap5_1_3_4_35.eps>
(epstopdf)                    date: 2022-07-29 11:23:09
(epstopdf)                    size: 94054 bytes
(epstopdf)             Output file: <./Heatmaps/Heatmap5_1_3_4_35-eps-converted
-to.pdf>
(epstopdf)                    date: 2022-07-29 11:28:29
(epstopdf)                    size: 19756 bytes
(epstopdf)             Command: <miktex-epstopdf --outfile=./Heatmaps/Heatmap5_
1_3_4_35-eps-converted-to.pdf ./Heatmaps/Heatmap5_1_3_4_35.eps>
(epstopdf)             \includegraphics on input line 9.
Package epstopdf Info: Output file is already uptodate.


pdfTeX warning: pdflatex (file ./Heatmaps/Heatmap5_1_3_4_35-eps-converted-to.pd
f): PDF inclusion: found PDF version <1.7>, but at most version <1.5> allowed
<./Heatmaps/Heatmap5_1_3_4_35-eps-converted-to.pdf, id=12, 463.7325pt x 347.297
5pt>
File: ./Heatmaps/Heatmap5_1_3_4_35-eps-converted-to.pdf Graphic file (type pdf)

<use ./Heatmaps/Heatmap5_1_3_4_35-eps-converted-to.pdf>
Package pdftex.def Info: ./Heatmaps/Heatmap5_1_3_4_35-eps-converted-to.pdf  use
d on input line 9.
(pdftex.def)             Requested size: 62.0917pt x 51.74791pt.
Package epstopdf Info: Source file: <./Heatmaps/Heatmap5_1_3_4_38.eps>
(epstopdf)                    date: 2022-07-29 11:23:11
(epstopdf)                    size: 89106 bytes
(epstopdf)             Output file: <./Heatmaps/Heatmap5_1_3_4_38-eps-converted
-to.pdf>
(epstopdf)                    date: 2022-07-29 11:28:31
(epstopdf)                    size: 19446 bytes
(epstopdf)             Command: <miktex-epstopdf --outfile=./Heatmaps/Heatmap5_
1_3_4_38-eps-converted-to.pdf ./Heatmaps/Heatmap5_1_3_4_38.eps>
(epstopdf)             \includegraphics on input line 9.
Package epstopdf Info: Output file is already uptodate.


pdfTeX warning: pdflatex (file ./Heatmaps/Heatmap5_1_3_4_38-eps-converted-to.pd
f): PDF inclusion: found PDF version <1.7>, but at most version <1.5> allowed
<./Heatmaps/Heatmap5_1_3_4_38-eps-converted-to.pdf, id=13, 463.7325pt x 347.297
5pt>
File: ./Heatmaps/Heatmap5_1_3_4_38-eps-converted-to.pdf Graphic file (type pdf)

<use ./Heatmaps/Heatmap5_1_3_4_38-eps-converted-to.pdf>
Package pdftex.def Info: ./Heatmaps/Heatmap5_1_3_4_38-eps-converted-to.pdf  use
d on input line 9.
(pdftex.def)             Requested size: 62.0917pt x 51.74791pt.
Package epstopdf Info: Source file: <./Heatmaps/Heatmap5_1_3_4_39.eps>
(epstopdf)                    date: 2022-07-29 11:23:12
(epstopdf)                    size: 90538 bytes
(epstopdf)             Output file: <./Heatmaps/Heatmap5_1_3_4_39-eps-converted
-to.pdf>
(epstopdf)                    date: 2022-07-29 11:28:32
(epstopdf)                    size: 19534 bytes
(epstopdf)             Command: <miktex-epstopdf --outfile=./Heatmaps/Heatmap5_
1_3_4_39-eps-converted-to.pdf ./Heatmaps/Heatmap5_1_3_4_39.eps>
(epstopdf)             \includegraphics on input line 9.
Package epstopdf Info: Output file is already uptodate.


pdfTeX warning: pdflatex (file ./Heatmaps/Heatmap5_1_3_4_39-eps-converted-to.pd
f): PDF inclusion: found PDF version <1.7>, but at most version <1.5> allowed
<./Heatmaps/Heatmap5_1_3_4_39-eps-converted-to.pdf, id=14, 463.7325pt x 347.297
5pt>
File: ./Heatmaps/Heatmap5_1_3_4_39-eps-converted-to.pdf Graphic file (type pdf)

<use ./Heatmaps/Heatmap5_1_3_4_39-eps-converted-to.pdf>
Package pdftex.def Info: ./Heatmaps/Heatmap5_1_3_4_39-eps-converted-to.pdf  use
d on input line 9.
(pdftex.def)             Requested size: 62.0917pt x 51.74791pt.
Package epstopdf Info: Source file: <./Heatmaps/Heatmap5_1_3_4_18.eps>
(epstopdf)                    date: 2022-07-29 11:44:59
(epstopdf)                    size: 89938 bytes
(epstopdf)             Output file: <./Heatmaps/Heatmap5_1_3_4_18-eps-converted
-to.pdf>
(epstopdf)                    date: 2022-07-29 11:45:28
(epstopdf)                    size: 19498 bytes
(epstopdf)             Command: <miktex-epstopdf --outfile=./Heatmaps/Heatmap5_
1_3_4_18-eps-converted-to.pdf ./Heatmaps/Heatmap5_1_3_4_18.eps>
(epstopdf)             \includegraphics on input line 10.
Package epstopdf Info: Output file is already uptodate.


pdfTeX warning: pdflatex (file ./Heatmaps/Heatmap5_1_3_4_18-eps-converted-to.pd
f): PDF inclusion: found PDF version <1.7>, but at most version <1.5> allowed
<./Heatmaps/Heatmap5_1_3_4_18-eps-converted-to.pdf, id=15, 463.7325pt x 347.297
5pt>
File: ./Heatmaps/Heatmap5_1_3_4_18-eps-converted-to.pdf Graphic file (type pdf)

<use ./Heatmaps/Heatmap5_1_3_4_18-eps-converted-to.pdf>
Package pdftex.def Info: ./Heatmaps/Heatmap5_1_3_4_18-eps-converted-to.pdf  use
d on input line 10.
(pdftex.def)             Requested size: 62.0917pt x 51.74791pt.
Package epstopdf Info: Source file: <./Heatmaps/Heatmap5_1_3_4_19.eps>
(epstopdf)                    date: 2022-07-29 11:45:00
(epstopdf)                    size: 91123 bytes
(epstopdf)             Output file: <./Heatmaps/Heatmap5_1_3_4_19-eps-converted
-to.pdf>
(epstopdf)                    date: 2022-07-29 11:45:29
(epstopdf)                    size: 19621 bytes
(epstopdf)             Command: <miktex-epstopdf --outfile=./Heatmaps/Heatmap5_
1_3_4_19-eps-converted-to.pdf ./Heatmaps/Heatmap5_1_3_4_19.eps>
(epstopdf)             \includegraphics on input line 10.
Package epstopdf Info: Output file is already uptodate.


pdfTeX warning: pdflatex (file ./Heatmaps/Heatmap5_1_3_4_19-eps-converted-to.pd
f): PDF inclusion: found PDF version <1.7>, but at most version <1.5> allowed
<./Heatmaps/Heatmap5_1_3_4_19-eps-converted-to.pdf, id=16, 463.7325pt x 347.297
5pt>
File: ./Heatmaps/Heatmap5_1_3_4_19-eps-converted-to.pdf Graphic file (type pdf)

<use ./Heatmaps/Heatmap5_1_3_4_19-eps-converted-to.pdf>
Package pdftex.def Info: ./Heatmaps/Heatmap5_1_3_4_19-eps-converted-to.pdf  use
d on input line 10.
(pdftex.def)             Requested size: 62.0917pt x 51.74791pt.
Package epstopdf Info: Source file: <./Heatmaps/Heatmap5_1_3_4_22.eps>
(epstopdf)                    date: 2022-07-29 11:45:02
(epstopdf)                    size: 92223 bytes
(epstopdf)             Output file: <./Heatmaps/Heatmap5_1_3_4_22-eps-converted
-to.pdf>
(epstopdf)                    date: 2022-07-29 11:45:31
(epstopdf)                    size: 19681 bytes
(epstopdf)             Command: <miktex-epstopdf --outfile=./Heatmaps/Heatmap5_
1_3_4_22-eps-converted-to.pdf ./Heatmaps/Heatmap5_1_3_4_22.eps>
(epstopdf)             \includegraphics on input line 10.
Package epstopdf Info: Output file is already uptodate.


pdfTeX warning: pdflatex (file ./Heatmaps/Heatmap5_1_3_4_22-eps-converted-to.pd
f): PDF inclusion: found PDF version <1.7>, but at most version <1.5> allowed
<./Heatmaps/Heatmap5_1_3_4_22-eps-converted-to.pdf, id=17, 463.7325pt x 347.297
5pt>
File: ./Heatmaps/Heatmap5_1_3_4_22-eps-converted-to.pdf Graphic file (type pdf)

<use ./Heatmaps/Heatmap5_1_3_4_22-eps-converted-to.pdf>
Package pdftex.def Info: ./Heatmaps/Heatmap5_1_3_4_22-eps-converted-to.pdf  use
d on input line 10.
(pdftex.def)             Requested size: 62.0917pt x 51.74791pt.
Package epstopdf Info: Source file: <./Heatmaps/Heatmap5_1_3_4_27.eps>
(epstopdf)                    date: 2022-07-29 11:23:05
(epstopdf)                    size: 89027 bytes
(epstopdf)             Output file: <./Heatmaps/Heatmap5_1_3_4_27-eps-converted
-to.pdf>
(epstopdf)                    date: 2022-07-29 11:28:39
(epstopdf)                    size: 19438 bytes
(epstopdf)             Command: <miktex-epstopdf --outfile=./Heatmaps/Heatmap5_
1_3_4_27-eps-converted-to.pdf ./Heatmaps/Heatmap5_1_3_4_27.eps>
(epstopdf)             \includegraphics on input line 10.
Package epstopdf Info: Output file is already uptodate.


pdfTeX warning: pdflatex (file ./Heatmaps/Heatmap5_1_3_4_27-eps-converted-to.pd
f): PDF inclusion: found PDF version <1.7>, but at most version <1.5> allowed
<./Heatmaps/Heatmap5_1_3_4_27-eps-converted-to.pdf, id=18, 463.7325pt x 347.297
5pt>
File: ./Heatmaps/Heatmap5_1_3_4_27-eps-converted-to.pdf Graphic file (type pdf)

<use ./Heatmaps/Heatmap5_1_3_4_27-eps-converted-to.pdf>
Package pdftex.def Info: ./Heatmaps/Heatmap5_1_3_4_27-eps-converted-to.pdf  use
d on input line 10.
(pdftex.def)             Requested size: 62.0917pt x 51.74791pt.
Package epstopdf Info: Source file: <./Heatmaps/Heatmap5_1_3_4_32.eps>
(epstopdf)                    date: 2022-07-29 11:23:08
(epstopdf)                    size: 93611 bytes
(epstopdf)             Output file: <./Heatmaps/Heatmap5_1_3_4_32-eps-converted
-to.pdf>
(epstopdf)                    date: 2022-07-29 11:28:41
(epstopdf)                    size: 19769 bytes
(epstopdf)             Command: <miktex-epstopdf --outfile=./Heatmaps/Heatmap5_
1_3_4_32-eps-converted-to.pdf ./Heatmaps/Heatmap5_1_3_4_32.eps>
(epstopdf)             \includegraphics on input line 10.
Package epstopdf Info: Output file is already uptodate.


pdfTeX warning: pdflatex (file ./Heatmaps/Heatmap5_1_3_4_32-eps-converted-to.pd
f): PDF inclusion: found PDF version <1.7>, but at most version <1.5> allowed
<./Heatmaps/Heatmap5_1_3_4_32-eps-converted-to.pdf, id=19, 463.7325pt x 347.297
5pt>
File: ./Heatmaps/Heatmap5_1_3_4_32-eps-converted-to.pdf Graphic file (type pdf)

<use ./Heatmaps/Heatmap5_1_3_4_32-eps-converted-to.pdf>
Package pdftex.def Info: ./Heatmaps/Heatmap5_1_3_4_32-eps-converted-to.pdf  use
d on input line 10.
(pdftex.def)             Requested size: 62.0917pt x 51.74791pt.
Package epstopdf Info: Source file: <./Heatmaps/Heatmap5_1_3_4_37.eps>
(epstopdf)                    date: 2022-07-29 11:23:11
(epstopdf)                    size: 82706 bytes
(epstopdf)             Output file: <./Heatmaps/Heatmap5_1_3_4_37-eps-converted
-to.pdf>
(epstopdf)                    date: 2022-07-29 11:28:42
(epstopdf)                    size: 18847 bytes
(epstopdf)             Command: <miktex-epstopdf --outfile=./Heatmaps/Heatmap5_
1_3_4_37-eps-converted-to.pdf ./Heatmaps/Heatmap5_1_3_4_37.eps>
(epstopdf)             \includegraphics on input line 10.
Package epstopdf Info: Output file is already uptodate.


pdfTeX warning: pdflatex (file ./Heatmaps/Heatmap5_1_3_4_37-eps-converted-to.pd
f): PDF inclusion: found PDF version <1.7>, but at most version <1.5> allowed
<./Heatmaps/Heatmap5_1_3_4_37-eps-converted-to.pdf, id=20, 463.7325pt x 347.297
5pt>
File: ./Heatmaps/Heatmap5_1_3_4_37-eps-converted-to.pdf Graphic file (type pdf)

<use ./Heatmaps/Heatmap5_1_3_4_37-eps-converted-to.pdf>
Package pdftex.def Info: ./Heatmaps/Heatmap5_1_3_4_37-eps-converted-to.pdf  use
d on input line 10.
(pdftex.def)             Requested size: 62.0917pt x 51.74791pt.
Package epstopdf Info: Source file: <./Heatmaps/Heatmap5_1_3_4_40.eps>
(epstopdf)                    date: 2022-07-29 11:23:12
(epstopdf)                    size: 90498 bytes
(epstopdf)             Output file: <./Heatmaps/Heatmap5_1_3_4_40-eps-converted
-to.pdf>
(epstopdf)                    date: 2022-07-29 11:28:44
(epstopdf)                    size: 19574 bytes
(epstopdf)             Command: <miktex-epstopdf --outfile=./Heatmaps/Heatmap5_
1_3_4_40-eps-converted-to.pdf ./Heatmaps/Heatmap5_1_3_4_40.eps>
(epstopdf)             \includegraphics on input line 10.
Package epstopdf Info: Output file is already uptodate.


pdfTeX warning: pdflatex (file ./Heatmaps/Heatmap5_1_3_4_40-eps-converted-to.pd
f): PDF inclusion: found PDF version <1.7>, but at most version <1.5> allowed
<./Heatmaps/Heatmap5_1_3_4_40-eps-converted-to.pdf, id=21, 463.7325pt x 347.297
5pt>
File: ./Heatmaps/Heatmap5_1_3_4_40-eps-converted-to.pdf Graphic file (type pdf)

<use ./Heatmaps/Heatmap5_1_3_4_40-eps-converted-to.pdf>
Package pdftex.def Info: ./Heatmaps/Heatmap5_1_3_4_40-eps-converted-to.pdf  use
d on input line 10.
(pdftex.def)             Requested size: 62.0917pt x 51.74791pt.
Package epstopdf Info: Source file: <./Heatmaps/Heatmap5_1_3_4_41.eps>
(epstopdf)                    date: 2022-07-29 11:23:14
(epstopdf)                    size: 93765 bytes
(epstopdf)             Output file: <./Heatmaps/Heatmap5_1_3_4_41-eps-converted
-to.pdf>
(epstopdf)                    date: 2022-07-29 11:28:46
(epstopdf)                    size: 19739 bytes
(epstopdf)             Command: <miktex-epstopdf --outfile=./Heatmaps/Heatmap5_
1_3_4_41-eps-converted-to.pdf ./Heatmaps/Heatmap5_1_3_4_41.eps>
(epstopdf)             \includegraphics on input line 10.
Package epstopdf Info: Output file is already uptodate.


pdfTeX warning: pdflatex (file ./Heatmaps/Heatmap5_1_3_4_41-eps-converted-to.pd
f): PDF inclusion: found PDF version <1.7>, but at most version <1.5> allowed
<./Heatmaps/Heatmap5_1_3_4_41-eps-converted-to.pdf, id=22, 463.7325pt x 347.297
5pt>
File: ./Heatmaps/Heatmap5_1_3_4_41-eps-converted-to.pdf Graphic file (type pdf)

<use ./Heatmaps/Heatmap5_1_3_4_41-eps-converted-to.pdf>
Package pdftex.def Info: ./Heatmaps/Heatmap5_1_3_4_41-eps-converted-to.pdf  use
d on input line 10.
(pdftex.def)             Requested size: 62.0917pt x 51.74791pt.
Package epstopdf Info: Source file: <./Heatmaps/Heatmap5_1_3_4_15.eps>
(epstopdf)                    date: 2022-07-29 11:44:57
(epstopdf)                    size: 88768 bytes
(epstopdf)             Output file: <./Heatmaps/Heatmap5_1_3_4_15-eps-converted
-to.pdf>
(epstopdf)                    date: 2022-07-29 11:45:32
(epstopdf)                    size: 19432 bytes
(epstopdf)             Command: <miktex-epstopdf --outfile=./Heatmaps/Heatmap5_
1_3_4_15-eps-converted-to.pdf ./Heatmaps/Heatmap5_1_3_4_15.eps>
(epstopdf)             \includegraphics on input line 11.
Package epstopdf Info: Output file is already uptodate.


pdfTeX warning: pdflatex (file ./Heatmaps/Heatmap5_1_3_4_15-eps-converted-to.pd
f): PDF inclusion: found PDF version <1.7>, but at most version <1.5> allowed
<./Heatmaps/Heatmap5_1_3_4_15-eps-converted-to.pdf, id=23, 463.7325pt x 347.297
5pt>
File: ./Heatmaps/Heatmap5_1_3_4_15-eps-converted-to.pdf Graphic file (type pdf)

<use ./Heatmaps/Heatmap5_1_3_4_15-eps-converted-to.pdf>
Package pdftex.def Info: ./Heatmaps/Heatmap5_1_3_4_15-eps-converted-to.pdf  use
d on input line 11.
(pdftex.def)             Requested size: 62.0917pt x 51.74791pt.
Package epstopdf Info: Source file: <./Heatmaps/Heatmap5_1_3_4_16.eps>
(epstopdf)                    date: 2022-07-29 11:44:57
(epstopdf)                    size: 88774 bytes
(epstopdf)             Output file: <./Heatmaps/Heatmap5_1_3_4_16-eps-converted
-to.pdf>
(epstopdf)                    date: 2022-07-29 11:45:34
(epstopdf)                    size: 19445 bytes
(epstopdf)             Command: <miktex-epstopdf --outfile=./Heatmaps/Heatmap5_
1_3_4_16-eps-converted-to.pdf ./Heatmaps/Heatmap5_1_3_4_16.eps>
(epstopdf)             \includegraphics on input line 11.
Package epstopdf Info: Output file is already uptodate.


pdfTeX warning: pdflatex (file ./Heatmaps/Heatmap5_1_3_4_16-eps-converted-to.pd
f): PDF inclusion: found PDF version <1.7>, but at most version <1.5> allowed
<./Heatmaps/Heatmap5_1_3_4_16-eps-converted-to.pdf, id=24, 463.7325pt x 347.297
5pt>
File: ./Heatmaps/Heatmap5_1_3_4_16-eps-converted-to.pdf Graphic file (type pdf)

<use ./Heatmaps/Heatmap5_1_3_4_16-eps-converted-to.pdf>
Package pdftex.def Info: ./Heatmaps/Heatmap5_1_3_4_16-eps-converted-to.pdf  use
d on input line 11.
(pdftex.def)             Requested size: 62.0917pt x 51.74791pt.
Package epstopdf Info: Source file: <./Heatmaps/Heatmap5_1_3_4_17.eps>
(epstopdf)                    date: 2022-07-29 11:44:59
(epstopdf)                    size: 90617 bytes
(epstopdf)             Output file: <./Heatmaps/Heatmap5_1_3_4_17-eps-converted
-to.pdf>
(epstopdf)                    date: 2022-07-29 11:45:35
(epstopdf)                    size: 19543 bytes
(epstopdf)             Command: <miktex-epstopdf --outfile=./Heatmaps/Heatmap5_
1_3_4_17-eps-converted-to.pdf ./Heatmaps/Heatmap5_1_3_4_17.eps>
(epstopdf)             \includegraphics on input line 11.
Package epstopdf Info: Output file is already uptodate.


pdfTeX warning: pdflatex (file ./Heatmaps/Heatmap5_1_3_4_17-eps-converted-to.pd
f): PDF inclusion: found PDF version <1.7>, but at most version <1.5> allowed
<./Heatmaps/Heatmap5_1_3_4_17-eps-converted-to.pdf, id=25, 463.7325pt x 347.297
5pt>
File: ./Heatmaps/Heatmap5_1_3_4_17-eps-converted-to.pdf Graphic file (type pdf)

<use ./Heatmaps/Heatmap5_1_3_4_17-eps-converted-to.pdf>
Package pdftex.def Info: ./Heatmaps/Heatmap5_1_3_4_17-eps-converted-to.pdf  use
d on input line 11.
(pdftex.def)             Requested size: 62.0917pt x 51.74791pt.
Package epstopdf Info: Source file: <./Heatmaps/Heatmap5_1_3_4_26.eps>
(epstopdf)                    date: 2022-07-29 11:23:05
(epstopdf)                    size: 82715 bytes
(epstopdf)             Output file: <./Heatmaps/Heatmap5_1_3_4_26-eps-converted
-to.pdf>
(epstopdf)                    date: 2022-07-29 11:28:52
(epstopdf)                    size: 18845 bytes
(epstopdf)             Command: <miktex-epstopdf --outfile=./Heatmaps/Heatmap5_
1_3_4_26-eps-converted-to.pdf ./Heatmaps/Heatmap5_1_3_4_26.eps>
(epstopdf)             \includegraphics on input line 11.
Package epstopdf Info: Output file is already uptodate.


pdfTeX warning: pdflatex (file ./Heatmaps/Heatmap5_1_3_4_26-eps-converted-to.pd
f): PDF inclusion: found PDF version <1.7>, but at most version <1.5> allowed
<./Heatmaps/Heatmap5_1_3_4_26-eps-converted-to.pdf, id=26, 463.7325pt x 347.297
5pt>
File: ./Heatmaps/Heatmap5_1_3_4_26-eps-converted-to.pdf Graphic file (type pdf)

<use ./Heatmaps/Heatmap5_1_3_4_26-eps-converted-to.pdf>
Package pdftex.def Info: ./Heatmaps/Heatmap5_1_3_4_26-eps-converted-to.pdf  use
d on input line 11.
(pdftex.def)             Requested size: 62.0917pt x 51.74791pt.
Package epstopdf Info: Source file: <./Heatmaps/Heatmap5_1_3_4_33.eps>
(epstopdf)                    date: 2022-07-29 11:23:08
(epstopdf)                    size: 90133 bytes
(epstopdf)             Output file: <./Heatmaps/Heatmap5_1_3_4_33-eps-converted
-to.pdf>
(epstopdf)                    date: 2022-07-29 11:28:53
(epstopdf)                    size: 19558 bytes
(epstopdf)             Command: <miktex-epstopdf --outfile=./Heatmaps/Heatmap5_
1_3_4_33-eps-converted-to.pdf ./Heatmaps/Heatmap5_1_3_4_33.eps>
(epstopdf)             \includegraphics on input line 11.
Package epstopdf Info: Output file is already uptodate.


pdfTeX warning: pdflatex (file ./Heatmaps/Heatmap5_1_3_4_33-eps-converted-to.pd
f): PDF inclusion: found PDF version <1.7>, but at most version <1.5> allowed
<./Heatmaps/Heatmap5_1_3_4_33-eps-converted-to.pdf, id=27, 463.7325pt x 347.297
5pt>
File: ./Heatmaps/Heatmap5_1_3_4_33-eps-converted-to.pdf Graphic file (type pdf)

<use ./Heatmaps/Heatmap5_1_3_4_33-eps-converted-to.pdf>
Package pdftex.def Info: ./Heatmaps/Heatmap5_1_3_4_33-eps-converted-to.pdf  use
d on input line 11.
(pdftex.def)             Requested size: 62.0917pt x 51.74791pt.
Package epstopdf Info: Source file: <./Heatmaps/Heatmap5_1_3_4_42.eps>
(epstopdf)                    date: 2022-07-29 11:23:15
(epstopdf)                    size: 90529 bytes
(epstopdf)             Output file: <./Heatmaps/Heatmap5_1_3_4_42-eps-converted
-to.pdf>
(epstopdf)                    date: 2022-07-29 11:28:55
(epstopdf)                    size: 19594 bytes
(epstopdf)             Command: <miktex-epstopdf --outfile=./Heatmaps/Heatmap5_
1_3_4_42-eps-converted-to.pdf ./Heatmaps/Heatmap5_1_3_4_42.eps>
(epstopdf)             \includegraphics on input line 11.
Package epstopdf Info: Output file is already uptodate.


pdfTeX warning: pdflatex (file ./Heatmaps/Heatmap5_1_3_4_42-eps-converted-to.pd
f): PDF inclusion: found PDF version <1.7>, but at most version <1.5> allowed
<./Heatmaps/Heatmap5_1_3_4_42-eps-converted-to.pdf, id=28, 463.7325pt x 347.297
5pt>
File: ./Heatmaps/Heatmap5_1_3_4_42-eps-converted-to.pdf Graphic file (type pdf)

<use ./Heatmaps/Heatmap5_1_3_4_42-eps-converted-to.pdf>
Package pdftex.def Info: ./Heatmaps/Heatmap5_1_3_4_42-eps-converted-to.pdf  use
d on input line 11.
(pdftex.def)             Requested size: 62.0917pt x 51.74791pt.
Package epstopdf Info: Source file: <./Heatmaps/Heatmap5_1_3_4_43.eps>
(epstopdf)                    date: 2022-07-29 11:23:15
(epstopdf)                    size: 82715 bytes
(epstopdf)             Output file: <./Heatmaps/Heatmap5_1_3_4_43-eps-converted
-to.pdf>
(epstopdf)                    date: 2022-07-29 11:28:57
(epstopdf)                    size: 18846 bytes
(epstopdf)             Command: <miktex-epstopdf --outfile=./Heatmaps/Heatmap5_
1_3_4_43-eps-converted-to.pdf ./Heatmaps/Heatmap5_1_3_4_43.eps>
(epstopdf)             \includegraphics on input line 11.
Package epstopdf Info: Output file is already uptodate.


pdfTeX warning: pdflatex (file ./Heatmaps/Heatmap5_1_3_4_43-eps-converted-to.pd
f): PDF inclusion: found PDF version <1.7>, but at most version <1.5> allowed
<./Heatmaps/Heatmap5_1_3_4_43-eps-converted-to.pdf, id=29, 463.7325pt x 347.297
5pt>
File: ./Heatmaps/Heatmap5_1_3_4_43-eps-converted-to.pdf Graphic file (type pdf)

<use ./Heatmaps/Heatmap5_1_3_4_43-eps-converted-to.pdf>
Package pdftex.def Info: ./Heatmaps/Heatmap5_1_3_4_43-eps-converted-to.pdf  use
d on input line 11.
(pdftex.def)             Requested size: 62.0917pt x 51.74791pt.
Package epstopdf Info: Source file: <./Heatmaps/Heatmap5_1_3_4_44.eps>
(epstopdf)                    date: 2022-07-29 11:23:16
(epstopdf)                    size: 88273 bytes
(epstopdf)             Output file: <./Heatmaps/Heatmap5_1_3_4_44-eps-converted
-to.pdf>
(epstopdf)                    date: 2022-07-29 11:28:58
(epstopdf)                    size: 19390 bytes
(epstopdf)             Command: <miktex-epstopdf --outfile=./Heatmaps/Heatmap5_
1_3_4_44-eps-converted-to.pdf ./Heatmaps/Heatmap5_1_3_4_44.eps>
(epstopdf)             \includegraphics on input line 11.
Package epstopdf Info: Output file is already uptodate.


pdfTeX warning: pdflatex (file ./Heatmaps/Heatmap5_1_3_4_44-eps-converted-to.pd
f): PDF inclusion: found PDF version <1.7>, but at most version <1.5> allowed
<./Heatmaps/Heatmap5_1_3_4_44-eps-converted-to.pdf, id=30, 463.7325pt x 347.297
5pt>
File: ./Heatmaps/Heatmap5_1_3_4_44-eps-converted-to.pdf Graphic file (type pdf)

<use ./Heatmaps/Heatmap5_1_3_4_44-eps-converted-to.pdf>
Package pdftex.def Info: ./Heatmaps/Heatmap5_1_3_4_44-eps-converted-to.pdf  use
d on input line 11.
(pdftex.def)             Requested size: 62.0917pt x 51.74791pt.
Package epstopdf Info: Source file: <./Heatmaps/Heatmap5_1_3_4_14.eps>
(epstopdf)                    date: 2022-07-29 11:44:56
(epstopdf)                    size: 82704 bytes
(epstopdf)             Output file: <./Heatmaps/Heatmap5_1_3_4_14-eps-converted
-to.pdf>
(epstopdf)                    date: 2022-07-29 11:45:37
(epstopdf)                    size: 18842 bytes
(epstopdf)             Command: <miktex-epstopdf --outfile=./Heatmaps/Heatmap5_
1_3_4_14-eps-converted-to.pdf ./Heatmaps/Heatmap5_1_3_4_14.eps>
(epstopdf)             \includegraphics on input line 12.
Package epstopdf Info: Output file is already uptodate.


pdfTeX warning: pdflatex (file ./Heatmaps/Heatmap5_1_3_4_14-eps-converted-to.pd
f): PDF inclusion: found PDF version <1.7>, but at most version <1.5> allowed
<./Heatmaps/Heatmap5_1_3_4_14-eps-converted-to.pdf, id=31, 463.7325pt x 347.297
5pt>
File: ./Heatmaps/Heatmap5_1_3_4_14-eps-converted-to.pdf Graphic file (type pdf)

<use ./Heatmaps/Heatmap5_1_3_4_14-eps-converted-to.pdf>
Package pdftex.def Info: ./Heatmaps/Heatmap5_1_3_4_14-eps-converted-to.pdf  use
d on input line 12.
(pdftex.def)             Requested size: 62.0917pt x 51.74791pt.
Package epstopdf Info: Source file: <./Heatmaps/Heatmap5_1_3_4_13.eps>
(epstopdf)                    date: 2022-07-29 11:44:56
(epstopdf)                    size: 88893 bytes
(epstopdf)             Output file: <./Heatmaps/Heatmap5_1_3_4_13-eps-converted
-to.pdf>
(epstopdf)                    date: 2022-07-29 11:45:38
(epstopdf)                    size: 19377 bytes
(epstopdf)             Command: <miktex-epstopdf --outfile=./Heatmaps/Heatmap5_
1_3_4_13-eps-converted-to.pdf ./Heatmaps/Heatmap5_1_3_4_13.eps>
(epstopdf)             \includegraphics on input line 12.
Package epstopdf Info: Output file is already uptodate.


pdfTeX warning: pdflatex (file ./Heatmaps/Heatmap5_1_3_4_13-eps-converted-to.pd
f): PDF inclusion: found PDF version <1.7>, but at most version <1.5> allowed
<./Heatmaps/Heatmap5_1_3_4_13-eps-converted-to.pdf, id=32, 463.7325pt x 347.297
5pt>
File: ./Heatmaps/Heatmap5_1_3_4_13-eps-converted-to.pdf Graphic file (type pdf)

<use ./Heatmaps/Heatmap5_1_3_4_13-eps-converted-to.pdf>
Package pdftex.def Info: ./Heatmaps/Heatmap5_1_3_4_13-eps-converted-to.pdf  use
d on input line 12.
(pdftex.def)             Requested size: 62.0917pt x 51.74791pt.
Package epstopdf Info: Source file: <./Heatmaps/Heatmap5_1_3_4_12.eps>
(epstopdf)                    date: 2022-07-29 11:44:55
(epstopdf)                    size: 89957 bytes
(epstopdf)             Output file: <./Heatmaps/Heatmap5_1_3_4_12-eps-converted
-to.pdf>
(epstopdf)                    date: 2022-07-29 11:45:40
(epstopdf)                    size: 19496 bytes
(epstopdf)             Command: <miktex-epstopdf --outfile=./Heatmaps/Heatmap5_
1_3_4_12-eps-converted-to.pdf ./Heatmaps/Heatmap5_1_3_4_12.eps>
(epstopdf)             \includegraphics on input line 12.
Package epstopdf Info: Output file is already uptodate.


pdfTeX warning: pdflatex (file ./Heatmaps/Heatmap5_1_3_4_12-eps-converted-to.pd
f): PDF inclusion: found PDF version <1.7>, but at most version <1.5> allowed
<./Heatmaps/Heatmap5_1_3_4_12-eps-converted-to.pdf, id=33, 463.7325pt x 347.297
5pt>
File: ./Heatmaps/Heatmap5_1_3_4_12-eps-converted-to.pdf Graphic file (type pdf)

<use ./Heatmaps/Heatmap5_1_3_4_12-eps-converted-to.pdf>
Package pdftex.def Info: ./Heatmaps/Heatmap5_1_3_4_12-eps-converted-to.pdf  use
d on input line 12.
(pdftex.def)             Requested size: 62.0917pt x 51.74791pt.
Package epstopdf Info: Source file: <./Heatmaps/Heatmap5_1_3_4_3.eps>
(epstopdf)                    date: 2022-07-29 12:00:43
(epstopdf)                    size: 90831 bytes
(epstopdf)             Output file: <./Heatmaps/Heatmap5_1_3_4_3-eps-converted-
to.pdf>
(epstopdf)                    date: 2022-07-29 12:00:46
(epstopdf)                    size: 19537 bytes
(epstopdf)             Command: <miktex-epstopdf --outfile=./Heatmaps/Heatmap5_
1_3_4_3-eps-converted-to.pdf ./Heatmaps/Heatmap5_1_3_4_3.eps>
(epstopdf)             \includegraphics on input line 12.
Package epstopdf Info: Output file is already uptodate.


pdfTeX warning: pdflatex (file ./Heatmaps/Heatmap5_1_3_4_3-eps-converted-to.pdf
): PDF inclusion: found PDF version <1.7>, but at most version <1.5> allowed
<./Heatmaps/Heatmap5_1_3_4_3-eps-converted-to.pdf, id=34, 463.7325pt x 347.2975
pt>
File: ./Heatmaps/Heatmap5_1_3_4_3-eps-converted-to.pdf Graphic file (type pdf)
<use ./Heatmaps/Heatmap5_1_3_4_3-eps-converted-to.pdf>
Package pdftex.def Info: ./Heatmaps/Heatmap5_1_3_4_3-eps-converted-to.pdf  used
 on input line 12.
(pdftex.def)             Requested size: 62.0917pt x 51.74791pt.
Package epstopdf Info: Source file: <./Heatmaps/Heatmap5_1_3_4_56.eps>
(epstopdf)                    date: 2022-07-29 11:23:26
(epstopdf)                    size: 87235 bytes
(epstopdf)             Output file: <./Heatmaps/Heatmap5_1_3_4_56-eps-converted
-to.pdf>
(epstopdf)                    date: 2022-07-29 11:29:06
(epstopdf)                    size: 19340 bytes
(epstopdf)             Command: <miktex-epstopdf --outfile=./Heatmaps/Heatmap5_
1_3_4_56-eps-converted-to.pdf ./Heatmaps/Heatmap5_1_3_4_56.eps>
(epstopdf)             \includegraphics on input line 12.
Package epstopdf Info: Output file is already uptodate.


pdfTeX warning: pdflatex (file ./Heatmaps/Heatmap5_1_3_4_56-eps-converted-to.pd
f): PDF inclusion: found PDF version <1.7>, but at most version <1.5> allowed
<./Heatmaps/Heatmap5_1_3_4_56-eps-converted-to.pdf, id=35, 463.7325pt x 347.297
5pt>
File: ./Heatmaps/Heatmap5_1_3_4_56-eps-converted-to.pdf Graphic file (type pdf)

<use ./Heatmaps/Heatmap5_1_3_4_56-eps-converted-to.pdf>
Package pdftex.def Info: ./Heatmaps/Heatmap5_1_3_4_56-eps-converted-to.pdf  use
d on input line 12.
(pdftex.def)             Requested size: 62.0917pt x 51.74791pt.
Package epstopdf Info: Source file: <./Heatmaps/Heatmap5_1_3_4_47.eps>
(epstopdf)                    date: 2022-07-29 11:23:18
(epstopdf)                    size: 89070 bytes
(epstopdf)             Output file: <./Heatmaps/Heatmap5_1_3_4_47-eps-converted
-to.pdf>
(epstopdf)                    date: 2022-07-29 11:29:08
(epstopdf)                    size: 19451 bytes
(epstopdf)             Command: <miktex-epstopdf --outfile=./Heatmaps/Heatmap5_
1_3_4_47-eps-converted-to.pdf ./Heatmaps/Heatmap5_1_3_4_47.eps>
(epstopdf)             \includegraphics on input line 12.
Package epstopdf Info: Output file is already uptodate.


pdfTeX warning: pdflatex (file ./Heatmaps/Heatmap5_1_3_4_47-eps-converted-to.pd
f): PDF inclusion: found PDF version <1.7>, but at most version <1.5> allowed
<./Heatmaps/Heatmap5_1_3_4_47-eps-converted-to.pdf, id=36, 463.7325pt x 347.297
5pt>
File: ./Heatmaps/Heatmap5_1_3_4_47-eps-converted-to.pdf Graphic file (type pdf)

<use ./Heatmaps/Heatmap5_1_3_4_47-eps-converted-to.pdf>
Package pdftex.def Info: ./Heatmaps/Heatmap5_1_3_4_47-eps-converted-to.pdf  use
d on input line 12.
(pdftex.def)             Requested size: 62.0917pt x 51.74791pt.
Package epstopdf Info: Source file: <./Heatmaps/Heatmap5_1_3_4_46.eps>
(epstopdf)                    date: 2022-07-29 11:23:17
(epstopdf)                    size: 89075 bytes
(epstopdf)             Output file: <./Heatmaps/Heatmap5_1_3_4_46-eps-converted
-to.pdf>
(epstopdf)                    date: 2022-07-29 11:29:09
(epstopdf)                    size: 19434 bytes
(epstopdf)             Command: <miktex-epstopdf --outfile=./Heatmaps/Heatmap5_
1_3_4_46-eps-converted-to.pdf ./Heatmaps/Heatmap5_1_3_4_46.eps>
(epstopdf)             \includegraphics on input line 12.
Package epstopdf Info: Output file is already uptodate.


pdfTeX warning: pdflatex (file ./Heatmaps/Heatmap5_1_3_4_46-eps-converted-to.pd
f): PDF inclusion: found PDF version <1.7>, but at most version <1.5> allowed
<./Heatmaps/Heatmap5_1_3_4_46-eps-converted-to.pdf, id=37, 463.7325pt x 347.297
5pt>
File: ./Heatmaps/Heatmap5_1_3_4_46-eps-converted-to.pdf Graphic file (type pdf)

<use ./Heatmaps/Heatmap5_1_3_4_46-eps-converted-to.pdf>
Package pdftex.def Info: ./Heatmaps/Heatmap5_1_3_4_46-eps-converted-to.pdf  use
d on input line 12.
(pdftex.def)             Requested size: 62.0917pt x 51.74791pt.
Package epstopdf Info: Source file: <./Heatmaps/Heatmap5_1_3_4_45.eps>
(epstopdf)                    date: 2022-07-29 11:23:16
(epstopdf)                    size: 89151 bytes
(epstopdf)             Output file: <./Heatmaps/Heatmap5_1_3_4_45-eps-converted
-to.pdf>
(epstopdf)                    date: 2022-07-29 11:29:11
(epstopdf)                    size: 19442 bytes
(epstopdf)             Command: <miktex-epstopdf --outfile=./Heatmaps/Heatmap5_
1_3_4_45-eps-converted-to.pdf ./Heatmaps/Heatmap5_1_3_4_45.eps>
(epstopdf)             \includegraphics on input line 12.
Package epstopdf Info: Output file is already uptodate.


pdfTeX warning: pdflatex (file ./Heatmaps/Heatmap5_1_3_4_45-eps-converted-to.pd
f): PDF inclusion: found PDF version <1.7>, but at most version <1.5> allowed
<./Heatmaps/Heatmap5_1_3_4_45-eps-converted-to.pdf, id=38, 463.7325pt x 347.297
5pt>
File: ./Heatmaps/Heatmap5_1_3_4_45-eps-converted-to.pdf Graphic file (type pdf)

<use ./Heatmaps/Heatmap5_1_3_4_45-eps-converted-to.pdf>
Package pdftex.def Info: ./Heatmaps/Heatmap5_1_3_4_45-eps-converted-to.pdf  use
d on input line 12.
(pdftex.def)             Requested size: 62.0917pt x 51.74791pt.
Package epstopdf Info: Source file: <./Heatmaps/Heatmap5_1_3_4_11.eps>
(epstopdf)                    date: 2022-07-29 11:44:54
(epstopdf)                    size: 90057 bytes
(epstopdf)             Output file: <./Heatmaps/Heatmap5_1_3_4_11-eps-converted
-to.pdf>
(epstopdf)                    date: 2022-07-29 11:44:58
(epstopdf)                    size: 19504 bytes
(epstopdf)             Command: <miktex-epstopdf --outfile=./Heatmaps/Heatmap5_
1_3_4_11-eps-converted-to.pdf ./Heatmaps/Heatmap5_1_3_4_11.eps>
(epstopdf)             \includegraphics on input line 13.
Package epstopdf Info: Output file is already uptodate.


pdfTeX warning: pdflatex (file ./Heatmaps/Heatmap5_1_3_4_11-eps-converted-to.pd
f): PDF inclusion: found PDF version <1.7>, but at most version <1.5> allowed
<./Heatmaps/Heatmap5_1_3_4_11-eps-converted-to.pdf, id=39, 463.7325pt x 347.297
5pt>
File: ./Heatmaps/Heatmap5_1_3_4_11-eps-converted-to.pdf Graphic file (type pdf)

<use ./Heatmaps/Heatmap5_1_3_4_11-eps-converted-to.pdf>
Package pdftex.def Info: ./Heatmaps/Heatmap5_1_3_4_11-eps-converted-to.pdf  use
d on input line 13.
(pdftex.def)             Requested size: 62.0917pt x 51.74791pt.
Package epstopdf Info: Source file: <./Heatmaps/Heatmap5_1_3_4_10.eps>
(epstopdf)                    date: 2022-07-29 11:44:54
(epstopdf)                    size: 88814 bytes
(epstopdf)             Output file: <./Heatmaps/Heatmap5_1_3_4_10-eps-converted
-to.pdf>
(epstopdf)                    date: 2022-07-29 11:45:01
(epstopdf)                    size: 19448 bytes
(epstopdf)             Command: <miktex-epstopdf --outfile=./Heatmaps/Heatmap5_
1_3_4_10-eps-converted-to.pdf ./Heatmaps/Heatmap5_1_3_4_10.eps>
(epstopdf)             \includegraphics on input line 13.
Package epstopdf Info: Output file is already uptodate.


pdfTeX warning: pdflatex (file ./Heatmaps/Heatmap5_1_3_4_10-eps-converted-to.pd
f): PDF inclusion: found PDF version <1.7>, but at most version <1.5> allowed
<./Heatmaps/Heatmap5_1_3_4_10-eps-converted-to.pdf, id=40, 463.7325pt x 347.297
5pt>
File: ./Heatmaps/Heatmap5_1_3_4_10-eps-converted-to.pdf Graphic file (type pdf)

<use ./Heatmaps/Heatmap5_1_3_4_10-eps-converted-to.pdf>
Package pdftex.def Info: ./Heatmaps/Heatmap5_1_3_4_10-eps-converted-to.pdf  use
d on input line 13.
(pdftex.def)             Requested size: 62.0917pt x 51.74791pt.
Package epstopdf Info: Source file: <./Heatmaps/Heatmap5_1_3_4_7.eps>
(epstopdf)                    date: 2022-07-29 12:00:46
(epstopdf)                    size: 103430 bytes
(epstopdf)             Output file: <./Heatmaps/Heatmap5_1_3_4_7-eps-converted-
to.pdf>
(epstopdf)                    date: 2022-07-29 12:00:49
(epstopdf)                    size: 20073 bytes
(epstopdf)             Command: <miktex-epstopdf --outfile=./Heatmaps/Heatmap5_
1_3_4_7-eps-converted-to.pdf ./Heatmaps/Heatmap5_1_3_4_7.eps>
(epstopdf)             \includegraphics on input line 13.
Package epstopdf Info: Output file is already uptodate.


pdfTeX warning: pdflatex (file ./Heatmaps/Heatmap5_1_3_4_7-eps-converted-to.pdf
): PDF inclusion: found PDF version <1.7>, but at most version <1.5> allowed
<./Heatmaps/Heatmap5_1_3_4_7-eps-converted-to.pdf, id=41, 463.7325pt x 347.2975
pt>
File: ./Heatmaps/Heatmap5_1_3_4_7-eps-converted-to.pdf Graphic file (type pdf)
<use ./Heatmaps/Heatmap5_1_3_4_7-eps-converted-to.pdf>
Package pdftex.def Info: ./Heatmaps/Heatmap5_1_3_4_7-eps-converted-to.pdf  used
 on input line 13.
(pdftex.def)             Requested size: 62.0917pt x 51.74791pt.
Package epstopdf Info: Source file: <./Heatmaps/Heatmap5_1_3_4_2.eps>
(epstopdf)                    date: 2022-07-29 12:00:42
(epstopdf)                    size: 91226 bytes
(epstopdf)             Output file: <./Heatmaps/Heatmap5_1_3_4_2-eps-converted-
to.pdf>
(epstopdf)                    date: 2022-07-29 12:00:51
(epstopdf)                    size: 19608 bytes
(epstopdf)             Command: <miktex-epstopdf --outfile=./Heatmaps/Heatmap5_
1_3_4_2-eps-converted-to.pdf ./Heatmaps/Heatmap5_1_3_4_2.eps>
(epstopdf)             \includegraphics on input line 13.
Package epstopdf Info: Output file is already uptodate.


pdfTeX warning: pdflatex (file ./Heatmaps/Heatmap5_1_3_4_2-eps-converted-to.pdf
): PDF inclusion: found PDF version <1.7>, but at most version <1.5> allowed
<./Heatmaps/Heatmap5_1_3_4_2-eps-converted-to.pdf, id=42, 463.7325pt x 347.2975
pt>
File: ./Heatmaps/Heatmap5_1_3_4_2-eps-converted-to.pdf Graphic file (type pdf)
<use ./Heatmaps/Heatmap5_1_3_4_2-eps-converted-to.pdf>
Package pdftex.def Info: ./Heatmaps/Heatmap5_1_3_4_2-eps-converted-to.pdf  used
 on input line 13.
(pdftex.def)             Requested size: 62.0917pt x 51.74791pt.
Package epstopdf Info: Source file: <./Heatmaps/Heatmap5_1_3_4_57.eps>
(epstopdf)                    date: 2022-07-29 11:23:27
(epstopdf)                    size: 89727 bytes
(epstopdf)             Output file: <./Heatmaps/Heatmap5_1_3_4_57-eps-converted
-to.pdf>
(epstopdf)                    date: 2022-07-29 11:29:19
(epstopdf)                    size: 19552 bytes
(epstopdf)             Command: <miktex-epstopdf --outfile=./Heatmaps/Heatmap5_
1_3_4_57-eps-converted-to.pdf ./Heatmaps/Heatmap5_1_3_4_57.eps>
(epstopdf)             \includegraphics on input line 13.
Package epstopdf Info: Output file is already uptodate.


pdfTeX warning: pdflatex (file ./Heatmaps/Heatmap5_1_3_4_57-eps-converted-to.pd
f): PDF inclusion: found PDF version <1.7>, but at most version <1.5> allowed
<./Heatmaps/Heatmap5_1_3_4_57-eps-converted-to.pdf, id=43, 463.7325pt x 347.297
5pt>
File: ./Heatmaps/Heatmap5_1_3_4_57-eps-converted-to.pdf Graphic file (type pdf)

<use ./Heatmaps/Heatmap5_1_3_4_57-eps-converted-to.pdf>
Package pdftex.def Info: ./Heatmaps/Heatmap5_1_3_4_57-eps-converted-to.pdf  use
d on input line 13.
(pdftex.def)             Requested size: 62.0917pt x 51.74791pt.
Package epstopdf Info: Source file: <./Heatmaps/Heatmap5_1_3_4_52.eps>
(epstopdf)                    date: 2022-07-29 11:23:23
(epstopdf)                    size: 98604 bytes
(epstopdf)             Output file: <./Heatmaps/Heatmap5_1_3_4_52-eps-converted
-to.pdf>
(epstopdf)                    date: 2022-07-29 11:29:20
(epstopdf)                    size: 19787 bytes
(epstopdf)             Command: <miktex-epstopdf --outfile=./Heatmaps/Heatmap5_
1_3_4_52-eps-converted-to.pdf ./Heatmaps/Heatmap5_1_3_4_52.eps>
(epstopdf)             \includegraphics on input line 13.
Package epstopdf Info: Output file is already uptodate.


pdfTeX warning: pdflatex (file ./Heatmaps/Heatmap5_1_3_4_52-eps-converted-to.pd
f): PDF inclusion: found PDF version <1.7>, but at most version <1.5> allowed
<./Heatmaps/Heatmap5_1_3_4_52-eps-converted-to.pdf, id=44, 463.7325pt x 347.297
5pt>
File: ./Heatmaps/Heatmap5_1_3_4_52-eps-converted-to.pdf Graphic file (type pdf)

<use ./Heatmaps/Heatmap5_1_3_4_52-eps-converted-to.pdf>
Package pdftex.def Info: ./Heatmaps/Heatmap5_1_3_4_52-eps-converted-to.pdf  use
d on input line 13.
(pdftex.def)             Requested size: 62.0917pt x 51.74791pt.
Package epstopdf Info: Source file: <./Heatmaps/Heatmap5_1_3_4_49.eps>
(epstopdf)                    date: 2022-07-29 11:23:20
(epstopdf)                    size: 90757 bytes
(epstopdf)             Output file: <./Heatmaps/Heatmap5_1_3_4_49-eps-converted
-to.pdf>
(epstopdf)                    date: 2022-07-29 11:29:22
(epstopdf)                    size: 19587 bytes
(epstopdf)             Command: <miktex-epstopdf --outfile=./Heatmaps/Heatmap5_
1_3_4_49-eps-converted-to.pdf ./Heatmaps/Heatmap5_1_3_4_49.eps>
(epstopdf)             \includegraphics on input line 13.
Package epstopdf Info: Output file is already uptodate.


pdfTeX warning: pdflatex (file ./Heatmaps/Heatmap5_1_3_4_49-eps-converted-to.pd
f): PDF inclusion: found PDF version <1.7>, but at most version <1.5> allowed
<./Heatmaps/Heatmap5_1_3_4_49-eps-converted-to.pdf, id=45, 463.7325pt x 347.297
5pt>
File: ./Heatmaps/Heatmap5_1_3_4_49-eps-converted-to.pdf Graphic file (type pdf)

<use ./Heatmaps/Heatmap5_1_3_4_49-eps-converted-to.pdf>
Package pdftex.def Info: ./Heatmaps/Heatmap5_1_3_4_49-eps-converted-to.pdf  use
d on input line 13.
(pdftex.def)             Requested size: 62.0917pt x 51.74791pt.
Package epstopdf Info: Source file: <./Heatmaps/Heatmap5_1_3_4_48.eps>
(epstopdf)                    date: 2022-07-29 11:23:19
(epstopdf)                    size: 90282 bytes
(epstopdf)             Output file: <./Heatmaps/Heatmap5_1_3_4_48-eps-converted
-to.pdf>
(epstopdf)                    date: 2022-07-29 11:29:24
(epstopdf)                    size: 19511 bytes
(epstopdf)             Command: <miktex-epstopdf --outfile=./Heatmaps/Heatmap5_
1_3_4_48-eps-converted-to.pdf ./Heatmaps/Heatmap5_1_3_4_48.eps>
(epstopdf)             \includegraphics on input line 13.
Package epstopdf Info: Output file is already uptodate.


pdfTeX warning: pdflatex (file ./Heatmaps/Heatmap5_1_3_4_48-eps-converted-to.pd
f): PDF inclusion: found PDF version <1.7>, but at most version <1.5> allowed
<./Heatmaps/Heatmap5_1_3_4_48-eps-converted-to.pdf, id=46, 463.7325pt x 347.297
5pt>
File: ./Heatmaps/Heatmap5_1_3_4_48-eps-converted-to.pdf Graphic file (type pdf)

<use ./Heatmaps/Heatmap5_1_3_4_48-eps-converted-to.pdf>
Package pdftex.def Info: ./Heatmaps/Heatmap5_1_3_4_48-eps-converted-to.pdf  use
d on input line 13.
(pdftex.def)             Requested size: 62.0917pt x 51.74791pt.
Package epstopdf Info: Source file: <./Heatmaps/Heatmap5_1_3_4_9.eps>
(epstopdf)                    date: 2022-07-29 11:44:53
(epstopdf)                    size: 88181 bytes
(epstopdf)             Output file: <./Heatmaps/Heatmap5_1_3_4_9-eps-converted-
to.pdf>
(epstopdf)                    date: 2022-07-29 11:45:07
(epstopdf)                    size: 19376 bytes
(epstopdf)             Command: <miktex-epstopdf --outfile=./Heatmaps/Heatmap5_
1_3_4_9-eps-converted-to.pdf ./Heatmaps/Heatmap5_1_3_4_9.eps>
(epstopdf)             \includegraphics on input line 14.
Package epstopdf Info: Output file is already uptodate.


pdfTeX warning: pdflatex (file ./Heatmaps/Heatmap5_1_3_4_9-eps-converted-to.pdf
): PDF inclusion: found PDF version <1.7>, but at most version <1.5> allowed
<./Heatmaps/Heatmap5_1_3_4_9-eps-converted-to.pdf, id=47, 463.7325pt x 347.2975
pt>
File: ./Heatmaps/Heatmap5_1_3_4_9-eps-converted-to.pdf Graphic file (type pdf)
<use ./Heatmaps/Heatmap5_1_3_4_9-eps-converted-to.pdf>
Package pdftex.def Info: ./Heatmaps/Heatmap5_1_3_4_9-eps-converted-to.pdf  used
 on input line 14.
(pdftex.def)             Requested size: 62.0917pt x 51.74791pt.
Package epstopdf Info: Source file: <./Heatmaps/Heatmap5_1_3_4_8.eps>
(epstopdf)                    date: 2022-07-29 12:00:47
(epstopdf)                    size: 90899 bytes
(epstopdf)             Output file: <./Heatmaps/Heatmap5_1_3_4_8-eps-converted-
to.pdf>
(epstopdf)                    date: 2022-07-29 12:00:52
(epstopdf)                    size: 19565 bytes
(epstopdf)             Command: <miktex-epstopdf --outfile=./Heatmaps/Heatmap5_
1_3_4_8-eps-converted-to.pdf ./Heatmaps/Heatmap5_1_3_4_8.eps>
(epstopdf)             \includegraphics on input line 14.
Package epstopdf Info: Output file is already uptodate.


pdfTeX warning: pdflatex (file ./Heatmaps/Heatmap5_1_3_4_8-eps-converted-to.pdf
): PDF inclusion: found PDF version <1.7>, but at most version <1.5> allowed
<./Heatmaps/Heatmap5_1_3_4_8-eps-converted-to.pdf, id=48, 463.7325pt x 347.2975
pt>
File: ./Heatmaps/Heatmap5_1_3_4_8-eps-converted-to.pdf Graphic file (type pdf)
<use ./Heatmaps/Heatmap5_1_3_4_8-eps-converted-to.pdf>
Package pdftex.def Info: ./Heatmaps/Heatmap5_1_3_4_8-eps-converted-to.pdf  used
 on input line 14.
(pdftex.def)             Requested size: 62.0917pt x 51.74791pt.
Package epstopdf Info: Source file: <./Heatmaps/Heatmap5_1_3_4_5.eps>
(epstopdf)                    date: 2022-07-29 12:00:45
(epstopdf)                    size: 90429 bytes
(epstopdf)             Output file: <./Heatmaps/Heatmap5_1_3_4_5-eps-converted-
to.pdf>
(epstopdf)                    date: 2022-07-29 12:00:54
(epstopdf)                    size: 19515 bytes
(epstopdf)             Command: <miktex-epstopdf --outfile=./Heatmaps/Heatmap5_
1_3_4_5-eps-converted-to.pdf ./Heatmaps/Heatmap5_1_3_4_5.eps>
(epstopdf)             \includegraphics on input line 14.
Package epstopdf Info: Output file is already uptodate.


pdfTeX warning: pdflatex (file ./Heatmaps/Heatmap5_1_3_4_5-eps-converted-to.pdf
): PDF inclusion: found PDF version <1.7>, but at most version <1.5> allowed
<./Heatmaps/Heatmap5_1_3_4_5-eps-converted-to.pdf, id=49, 463.7325pt x 347.2975
pt>
File: ./Heatmaps/Heatmap5_1_3_4_5-eps-converted-to.pdf Graphic file (type pdf)
<use ./Heatmaps/Heatmap5_1_3_4_5-eps-converted-to.pdf>
Package pdftex.def Info: ./Heatmaps/Heatmap5_1_3_4_5-eps-converted-to.pdf  used
 on input line 14.
(pdftex.def)             Requested size: 62.0917pt x 51.74791pt.
Package epstopdf Info: Source file: <./Heatmaps/Heatmap5_1_3_4_0.eps>
(epstopdf)                    date: 2022-07-29 12:00:40
(epstopdf)                    size: 88544 bytes
(epstopdf)             Output file: <./Heatmaps/Heatmap5_1_3_4_0-eps-converted-
to.pdf>
(epstopdf)                    date: 2022-07-29 12:00:55
(epstopdf)                    size: 19371 bytes
(epstopdf)             Command: <miktex-epstopdf --outfile=./Heatmaps/Heatmap5_
1_3_4_0-eps-converted-to.pdf ./Heatmaps/Heatmap5_1_3_4_0.eps>
(epstopdf)             \includegraphics on input line 14.
Package epstopdf Info: Output file is already uptodate.


pdfTeX warning: pdflatex (file ./Heatmaps/Heatmap5_1_3_4_0-eps-converted-to.pdf
): PDF inclusion: found PDF version <1.7>, but at most version <1.5> allowed
<./Heatmaps/Heatmap5_1_3_4_0-eps-converted-to.pdf, id=50, 463.7325pt x 347.2975
pt>
File: ./Heatmaps/Heatmap5_1_3_4_0-eps-converted-to.pdf Graphic file (type pdf)
<use ./Heatmaps/Heatmap5_1_3_4_0-eps-converted-to.pdf>
Package pdftex.def Info: ./Heatmaps/Heatmap5_1_3_4_0-eps-converted-to.pdf  used
 on input line 14.
(pdftex.def)             Requested size: 62.0917pt x 51.74791pt.
Package epstopdf Info: Source file: <./Heatmaps/Heatmap5_1_3_4_59.eps>
(epstopdf)                    date: 2022-07-29 11:23:29
(epstopdf)                    size: 96403 bytes
(epstopdf)             Output file: <./Heatmaps/Heatmap5_1_3_4_59-eps-converted
-to.pdf>
(epstopdf)                    date: 2022-07-29 11:29:31
(epstopdf)                    size: 19857 bytes
(epstopdf)             Command: <miktex-epstopdf --outfile=./Heatmaps/Heatmap5_
1_3_4_59-eps-converted-to.pdf ./Heatmaps/Heatmap5_1_3_4_59.eps>
(epstopdf)             \includegraphics on input line 14.
Package epstopdf Info: Output file is already uptodate.


pdfTeX warning: pdflatex (file ./Heatmaps/Heatmap5_1_3_4_59-eps-converted-to.pd
f): PDF inclusion: found PDF version <1.7>, but at most version <1.5> allowed
<./Heatmaps/Heatmap5_1_3_4_59-eps-converted-to.pdf, id=51, 463.7325pt x 347.297
5pt>
File: ./Heatmaps/Heatmap5_1_3_4_59-eps-converted-to.pdf Graphic file (type pdf)

<use ./Heatmaps/Heatmap5_1_3_4_59-eps-converted-to.pdf>
Package pdftex.def Info: ./Heatmaps/Heatmap5_1_3_4_59-eps-converted-to.pdf  use
d on input line 14.
(pdftex.def)             Requested size: 62.0917pt x 51.74791pt.
Package epstopdf Info: Source file: <./Heatmaps/Heatmap5_1_3_4_54.eps>
(epstopdf)                    date: 2022-07-29 11:23:25
(epstopdf)                    size: 94786 bytes
(epstopdf)             Output file: <./Heatmaps/Heatmap5_1_3_4_54-eps-converted
-to.pdf>
(epstopdf)                    date: 2022-07-29 11:29:33
(epstopdf)                    size: 19824 bytes
(epstopdf)             Command: <miktex-epstopdf --outfile=./Heatmaps/Heatmap5_
1_3_4_54-eps-converted-to.pdf ./Heatmaps/Heatmap5_1_3_4_54.eps>
(epstopdf)             \includegraphics on input line 14.
Package epstopdf Info: Output file is already uptodate.


pdfTeX warning: pdflatex (file ./Heatmaps/Heatmap5_1_3_4_54-eps-converted-to.pd
f): PDF inclusion: found PDF version <1.7>, but at most version <1.5> allowed
<./Heatmaps/Heatmap5_1_3_4_54-eps-converted-to.pdf, id=52, 463.7325pt x 347.297
5pt>
File: ./Heatmaps/Heatmap5_1_3_4_54-eps-converted-to.pdf Graphic file (type pdf)

<use ./Heatmaps/Heatmap5_1_3_4_54-eps-converted-to.pdf>
Package pdftex.def Info: ./Heatmaps/Heatmap5_1_3_4_54-eps-converted-to.pdf  use
d on input line 14.
(pdftex.def)             Requested size: 62.0917pt x 51.74791pt.
Package epstopdf Info: Source file: <./Heatmaps/Heatmap5_1_3_4_51.eps>
(epstopdf)                    date: 2022-07-29 11:23:22
(epstopdf)                    size: 88767 bytes
(epstopdf)             Output file: <./Heatmaps/Heatmap5_1_3_4_51-eps-converted
-to.pdf>
(epstopdf)                    date: 2022-07-29 11:29:36
(epstopdf)                    size: 19451 bytes
(epstopdf)             Command: <miktex-epstopdf --outfile=./Heatmaps/Heatmap5_
1_3_4_51-eps-converted-to.pdf ./Heatmaps/Heatmap5_1_3_4_51.eps>
(epstopdf)             \includegraphics on input line 14.
Package epstopdf Info: Output file is already uptodate.


pdfTeX warning: pdflatex (file ./Heatmaps/Heatmap5_1_3_4_51-eps-converted-to.pd
f): PDF inclusion: found PDF version <1.7>, but at most version <1.5> allowed
<./Heatmaps/Heatmap5_1_3_4_51-eps-converted-to.pdf, id=53, 463.7325pt x 347.297
5pt>
File: ./Heatmaps/Heatmap5_1_3_4_51-eps-converted-to.pdf Graphic file (type pdf)

<use ./Heatmaps/Heatmap5_1_3_4_51-eps-converted-to.pdf>
Package pdftex.def Info: ./Heatmaps/Heatmap5_1_3_4_51-eps-converted-to.pdf  use
d on input line 14.
(pdftex.def)             Requested size: 62.0917pt x 51.74791pt.
Package epstopdf Info: Source file: <./Heatmaps/Heatmap5_1_3_4_50.eps>
(epstopdf)                    date: 2022-07-29 11:23:21
(epstopdf)                    size: 91634 bytes
(epstopdf)             Output file: <./Heatmaps/Heatmap5_1_3_4_50-eps-converted
-to.pdf>
(epstopdf)                    date: 2022-07-29 11:29:38
(epstopdf)                    size: 19625 bytes
(epstopdf)             Command: <miktex-epstopdf --outfile=./Heatmaps/Heatmap5_
1_3_4_50-eps-converted-to.pdf ./Heatmaps/Heatmap5_1_3_4_50.eps>
(epstopdf)             \includegraphics on input line 14.
Package epstopdf Info: Output file is already uptodate.


pdfTeX warning: pdflatex (file ./Heatmaps/Heatmap5_1_3_4_50-eps-converted-to.pd
f): PDF inclusion: found PDF version <1.7>, but at most version <1.5> allowed
<./Heatmaps/Heatmap5_1_3_4_50-eps-converted-to.pdf, id=54, 463.7325pt x 347.297
5pt>
File: ./Heatmaps/Heatmap5_1_3_4_50-eps-converted-to.pdf Graphic file (type pdf)

<use ./Heatmaps/Heatmap5_1_3_4_50-eps-converted-to.pdf>
Package pdftex.def Info: ./Heatmaps/Heatmap5_1_3_4_50-eps-converted-to.pdf  use
d on input line 14.
(pdftex.def)             Requested size: 62.0917pt x 51.74791pt.
Package epstopdf Info: Source file: <./Heatmaps/Heatmap5_1_3_4_6.eps>
(epstopdf)                    date: 2022-07-29 12:00:45
(epstopdf)                    size: 88500 bytes
(epstopdf)             Output file: <./Heatmaps/Heatmap5_1_3_4_6-eps-converted-
to.pdf>
(epstopdf)                    date: 2022-07-29 12:00:58
(epstopdf)                    size: 19383 bytes
(epstopdf)             Command: <miktex-epstopdf --outfile=./Heatmaps/Heatmap5_
1_3_4_6-eps-converted-to.pdf ./Heatmaps/Heatmap5_1_3_4_6.eps>
(epstopdf)             \includegraphics on input line 15.
Package epstopdf Info: Output file is already uptodate.


pdfTeX warning: pdflatex (file ./Heatmaps/Heatmap5_1_3_4_6-eps-converted-to.pdf
): PDF inclusion: found PDF version <1.7>, but at most version <1.5> allowed
<./Heatmaps/Heatmap5_1_3_4_6-eps-converted-to.pdf, id=55, 463.7325pt x 347.2975
pt>
File: ./Heatmaps/Heatmap5_1_3_4_6-eps-converted-to.pdf Graphic file (type pdf)
<use ./Heatmaps/Heatmap5_1_3_4_6-eps-converted-to.pdf>
Package pdftex.def Info: ./Heatmaps/Heatmap5_1_3_4_6-eps-converted-to.pdf  used
 on input line 15.
(pdftex.def)             Requested size: 62.0917pt x 51.74791pt.
Package epstopdf Info: Source file: <./Heatmaps/Heatmap5_1_3_4_4.eps>
(epstopdf)                    date: 2022-07-29 12:00:44
(epstopdf)                    size: 91980 bytes
(epstopdf)             Output file: <./Heatmaps/Heatmap5_1_3_4_4-eps-converted-
to.pdf>
(epstopdf)                    date: 2022-07-29 12:00:59
(epstopdf)                    size: 19569 bytes
(epstopdf)             Command: <miktex-epstopdf --outfile=./Heatmaps/Heatmap5_
1_3_4_4-eps-converted-to.pdf ./Heatmaps/Heatmap5_1_3_4_4.eps>
(epstopdf)             \includegraphics on input line 15.
Package epstopdf Info: Output file is already uptodate.


pdfTeX warning: pdflatex (file ./Heatmaps/Heatmap5_1_3_4_4-eps-converted-to.pdf
): PDF inclusion: found PDF version <1.7>, but at most version <1.5> allowed
<./Heatmaps/Heatmap5_1_3_4_4-eps-converted-to.pdf, id=56, 463.7325pt x 347.2975
pt>
File: ./Heatmaps/Heatmap5_1_3_4_4-eps-converted-to.pdf Graphic file (type pdf)
<use ./Heatmaps/Heatmap5_1_3_4_4-eps-converted-to.pdf>
Package pdftex.def Info: ./Heatmaps/Heatmap5_1_3_4_4-eps-converted-to.pdf  used
 on input line 15.
(pdftex.def)             Requested size: 62.0917pt x 51.74791pt.
Package epstopdf Info: Source file: <./Heatmaps/Heatmap5_1_3_4_1.eps>
(epstopdf)                    date: 2022-07-29 12:00:41
(epstopdf)                    size: 88792 bytes
(epstopdf)             Output file: <./Heatmaps/Heatmap5_1_3_4_1-eps-converted-
to.pdf>
(epstopdf)                    date: 2022-07-29 12:01:01
(epstopdf)                    size: 19380 bytes
(epstopdf)             Command: <miktex-epstopdf --outfile=./Heatmaps/Heatmap5_
1_3_4_1-eps-converted-to.pdf ./Heatmaps/Heatmap5_1_3_4_1.eps>
(epstopdf)             \includegraphics on input line 15.
Package epstopdf Info: Output file is already uptodate.


pdfTeX warning: pdflatex (file ./Heatmaps/Heatmap5_1_3_4_1-eps-converted-to.pdf
): PDF inclusion: found PDF version <1.7>, but at most version <1.5> allowed
<./Heatmaps/Heatmap5_1_3_4_1-eps-converted-to.pdf, id=57, 463.7325pt x 347.2975
pt>
File: ./Heatmaps/Heatmap5_1_3_4_1-eps-converted-to.pdf Graphic file (type pdf)
<use ./Heatmaps/Heatmap5_1_3_4_1-eps-converted-to.pdf>
Package pdftex.def Info: ./Heatmaps/Heatmap5_1_3_4_1-eps-converted-to.pdf  used
 on input line 15.
(pdftex.def)             Requested size: 62.0917pt x 51.74791pt.
Package epstopdf Info: Source file: <./Heatmaps/Heatmap5_1_3_4_58.eps>
(epstopdf)                    date: 2022-07-29 11:23:28
(epstopdf)                    size: 90492 bytes
(epstopdf)             Output file: <./Heatmaps/Heatmap5_1_3_4_58-eps-converted
-to.pdf>
(epstopdf)                    date: 2022-07-29 11:29:45
(epstopdf)                    size: 19522 bytes
(epstopdf)             Command: <miktex-epstopdf --outfile=./Heatmaps/Heatmap5_
1_3_4_58-eps-converted-to.pdf ./Heatmaps/Heatmap5_1_3_4_58.eps>
(epstopdf)             \includegraphics on input line 15.
Package epstopdf Info: Output file is already uptodate.


pdfTeX warning: pdflatex (file ./Heatmaps/Heatmap5_1_3_4_58-eps-converted-to.pd
f): PDF inclusion: found PDF version <1.7>, but at most version <1.5> allowed
<./Heatmaps/Heatmap5_1_3_4_58-eps-converted-to.pdf, id=58, 463.7325pt x 347.297
5pt>
File: ./Heatmaps/Heatmap5_1_3_4_58-eps-converted-to.pdf Graphic file (type pdf)

<use ./Heatmaps/Heatmap5_1_3_4_58-eps-converted-to.pdf>
Package pdftex.def Info: ./Heatmaps/Heatmap5_1_3_4_58-eps-converted-to.pdf  use
d on input line 15.
(pdftex.def)             Requested size: 62.0917pt x 51.74791pt.
Package epstopdf Info: Source file: <./Heatmaps/Heatmap5_1_3_4_55.eps>
(epstopdf)                    date: 2022-07-29 11:23:26
(epstopdf)                    size: 89945 bytes
(epstopdf)             Output file: <./Heatmaps/Heatmap5_1_3_4_55-eps-converted
-to.pdf>
(epstopdf)                    date: 2022-07-29 11:29:46
(epstopdf)                    size: 19505 bytes
(epstopdf)             Command: <miktex-epstopdf --outfile=./Heatmaps/Heatmap5_
1_3_4_55-eps-converted-to.pdf ./Heatmaps/Heatmap5_1_3_4_55.eps>
(epstopdf)             \includegraphics on input line 15.
Package epstopdf Info: Output file is already uptodate.


pdfTeX warning: pdflatex (file ./Heatmaps/Heatmap5_1_3_4_55-eps-converted-to.pd
f): PDF inclusion: found PDF version <1.7>, but at most version <1.5> allowed
<./Heatmaps/Heatmap5_1_3_4_55-eps-converted-to.pdf, id=59, 463.7325pt x 347.297
5pt>
File: ./Heatmaps/Heatmap5_1_3_4_55-eps-converted-to.pdf Graphic file (type pdf)

<use ./Heatmaps/Heatmap5_1_3_4_55-eps-converted-to.pdf>
Package pdftex.def Info: ./Heatmaps/Heatmap5_1_3_4_55-eps-converted-to.pdf  use
d on input line 15.
(pdftex.def)             Requested size: 62.0917pt x 51.74791pt.
Package epstopdf Info: Source file: <./Heatmaps/Heatmap5_1_3_4_53.eps>
(epstopdf)                    date: 2022-07-29 11:23:24
(epstopdf)                    size: 87855 bytes
(epstopdf)             Output file: <./Heatmaps/Heatmap5_1_3_4_53-eps-converted
-to.pdf>
(epstopdf)                    date: 2022-07-29 11:29:48
(epstopdf)                    size: 19376 bytes
(epstopdf)             Command: <miktex-epstopdf --outfile=./Heatmaps/Heatmap5_
1_3_4_53-eps-converted-to.pdf ./Heatmaps/Heatmap5_1_3_4_53.eps>
(epstopdf)             \includegraphics on input line 15.
Package epstopdf Info: Output file is already uptodate.


pdfTeX warning: pdflatex (file ./Heatmaps/Heatmap5_1_3_4_53-eps-converted-to.pd
f): PDF inclusion: found PDF version <1.7>, but at most version <1.5> allowed
<./Heatmaps/Heatmap5_1_3_4_53-eps-converted-to.pdf, id=60, 463.7325pt x 347.297
5pt>
File: ./Heatmaps/Heatmap5_1_3_4_53-eps-converted-to.pdf Graphic file (type pdf)

<use ./Heatmaps/Heatmap5_1_3_4_53-eps-converted-to.pdf>
Package pdftex.def Info: ./Heatmaps/Heatmap5_1_3_4_53-eps-converted-to.pdf  use
d on input line 15.
(pdftex.def)             Requested size: 62.0917pt x 51.74791pt.
[1

 <./Heatmaps/Heatmap5_1_3_4_23-eps-converted-to.pdf> <./Heatmaps/Heatmap5_1_3_4
_25-eps-converted-to.pdf> <./Heatmaps/Heatmap5_1_3_4_28-eps-converted-to.pdf> <
./Heatmaps/Heatmap5_1_3_4_31-eps-converted-to.pdf> <./Heatmaps/Heatmap5_1_3_4_3
4-eps-converted-to.pdf> <./Heatmaps/Heatmap5_1_3_4_36-eps-converted-to.pdf> <./
Heatmaps/Heatmap5_1_3_4_20-eps-converted-to.pdf> <./Heatmaps/Heatmap5_1_3_4_21-
eps-converted-to.pdf> <./Heatmaps/Heatmap5_1_3_4_24-eps-converted-to.pdf> <./He
atmaps/Heatmap5_1_3_4_29-eps-converted-to.pdf> <./Heatmaps/Heatmap5_1_3_4_30-ep
s-converted-to.pdf> <./Heatmaps/Heatmap5_1_3_4_35-eps-converted-to.pdf> <./Heat
maps/Heatmap5_1_3_4_38-eps-converted-to.pdf> <./Heatmaps/Heatmap5_1_3_4_39-eps-
converted-to.pdf> <./Heatmaps/Heatmap5_1_3_4_18-eps-converted-to.pdf> <./Heatma
ps/Heatmap5_1_3_4_19-eps-converted-to.pdf> <./Heatmaps/Heatmap5_1_3_4_22-eps-co
nverted-to.pdf> <./Heatmaps/Heatmap5_1_3_4_27-eps-converted-to.pdf> <./Heatmaps
/Heatmap5_1_3_4_32-eps-converted-to.pdf> <./Heatmaps/Heatmap5_1_3_4_37-eps-conv
erted-to.pdf> <./Heatmaps/Heatmap5_1_3_4_40-eps-converted-to.pdf> <./Heatmaps/H
eatmap5_1_3_4_41-eps-converted-to.pdf> <./Heatmaps/Heatmap5_1_3_4_15-eps-conver
ted-to.pdf> <./Heatmaps/Heatmap5_1_3_4_16-eps-converted-to.pdf> <./Heatmaps/Hea
tmap5_1_3_4_17-eps-converted-to.pdf> <./Heatmaps/Heatmap5_1_3_4_26-eps-converte
d-to.pdf> <./Heatmaps/Heatmap5_1_3_4_33-eps-converted-to.pdf> <./Heatmaps/Heatm
ap5_1_3_4_42-eps-converted-to.pdf> <./Heatmaps/Heatmap5_1_3_4_43-eps-converted-
to.pdf> <./Heatmaps/Heatmap5_1_3_4_44-eps-converted-to.pdf> <./Heatmaps/Heatmap
5_1_3_4_14-eps-converted-to.pdf> <./Heatmaps/Heatmap5_1_3_4_13-eps-converted-to
.pdf> <./Heatmaps/Heatmap5_1_3_4_12-eps-converted-to.pdf> <./Heatmaps/Heatmap5_
1_3_4_3-eps-converted-to.pdf> <./Heatmaps/Heatmap5_1_3_4_56-eps-converted-to.pd
f> <./Heatmaps/Heatmap5_1_3_4_47-eps-converted-to.pdf> <./Heatmaps/Heatmap5_1_3
_4_46-eps-converted-to.pdf> <./Heatmaps/Heatmap5_1_3_4_45-eps-converted-to.pdf>
 <./Heatmaps/Heatmap5_1_3_4_11-eps-converted-to.pdf> <./Heatmaps/Heatmap5_1_3_4
_10-eps-converted-to.pdf> <./Heatmaps/Heatmap5_1_3_4_7-eps-converted-to.pdf> <.
/Heatmaps/Heatmap5_1_3_4_2-eps-converted-to.pdf> <./Heatmaps/Heatmap5_1_3_4_57-
eps-converted-to.pdf> <./Heatmaps/Heatmap5_1_3_4_52-eps-converted-to.pdf> <./He
atmaps/Heatmap5_1_3_4_49-eps-converted-to.pdf> <./Heatmaps/Heatmap5_1_3_4_48-ep
s-converted-to.pdf> <./Heatmaps/Heatmap5_1_3_4_9-eps-converted-to.pdf> <./Heatm
aps/Heatmap5_1_3_4_8-eps-converted-to.pdf> <./Heatmaps/Heatmap5_1_3_4_5-eps-con
verted-to.pdf> <./Heatmaps/Heatmap5_1_3_4_0-eps-converted-to.pdf> <./Heatmaps/H
eatmap5_1_3_4_59-eps-converted-to.pdf> <./Heatmaps/Heatmap5_1_3_4_54-eps-conver
ted-to.pdf> <./Heatmaps/Heatmap5_1_3_4_51-eps-converted-to.pdf> <./Heatmaps/Hea
tmap5_1_3_4_50-eps-converted-to.pdf> <./Heatmaps/Heatmap5_1_3_4_6-eps-converted
-to.pdf> <./Heatmaps/Heatmap5_1_3_4_4-eps-converted-to.pdf> <./Heatmaps/Heatmap
5_1_3_4_1-eps-converted-to.pdf> <./Heatmaps/Heatmap5_1_3_4_58-eps-converted-to.
pdf> <./Heatmaps/Heatmap5_1_3_4_55-eps-converted-to.pdf> <./Heatmaps/Heatmap5_1
_3_4_53-eps-converted-to.pdf>] (heatmapTex5_1_3_4.aux) ) 
Here is how much of TeX's memory you used:
 2301 strings out of 478582
 54368 string characters out of 2844816
 339699 words of memory out of 3000000
 20447 multiletter control sequences out of 15000+600000
 469259 words of font info for 28 fonts, out of 8000000 for 9000
 1141 hyphenation exceptions out of 8191
 55i,10n,71p,763b,283s stack positions out of 10000i,1000n,20000p,200000b,80000s

Output written on heatmapTex5_1_3_4.pdf (1 page, 1075418 bytes).
PDF statistics:
 2526 PDF objects out of 2984 (max. 8388607)
 0 named destinations out of 1000 (max. 500000)
 301 words of extra memory for PDF output out of 10000 (max. 10000000)

